Analysis & Synthesis report for max10_galvano
Sat Nov 02 18:34:39 2019
Quartus Prime Version 18.1.0 Build 625 09/12/2018 SJ Lite Edition


---------------------
; Table of Contents ;
---------------------
  1. Legal Notice
  2. Analysis & Synthesis Summary
  3. Analysis & Synthesis Settings
  4. Parallel Compilation
  5. Analysis & Synthesis Source Files Read
  6. Analysis & Synthesis Resource Usage Summary
  7. Analysis & Synthesis Resource Utilization by Entity
  8. Analysis & Synthesis IP Cores Summary
  9. State Machine - |top|spi_cs_fsm
 10. State Machine - |top|ads8686if:yp_adc_u1|state
 11. State Machine - |top|ads8686if:xp_adc_u1|state
 12. Registers Removed During Synthesis
 13. Removed Registers Triggering Further Register Optimizations
 14. General Register Statistics
 15. Inverted Register Statistics
 16. Multiplexer Restructuring Statistics (Restructuring Performed)
 17. Parameter Settings for User Entity Instance: internal_osc:osc_u1|altera_int_osc:int_osc_0
 18. Port Connectivity Checks: "pos_pid:xpos_pid_u1"
 19. Port Connectivity Checks: "dac7731if:xdac_u1"
 20. Port Connectivity Checks: "ads8686if:yp_adc_u1"
 21. Port Connectivity Checks: "ads8686if:xp_adc_u1"
 22. Port Connectivity Checks: "internal_osc:osc_u1"
 23. Post-Synthesis Netlist Statistics for Top Partition
 24. Elapsed Time Per Partition
 25. Analysis & Synthesis Messages



----------------
; Legal Notice ;
----------------
Copyright (C) 2018  Intel Corporation. All rights reserved.
Your use of Intel Corporation's design tools, logic functions 
and other software and tools, and its AMPP partner logic 
functions, and any output files from any of the foregoing 
(including device programming or simulation files), and any 
associated documentation or information are expressly subject 
to the terms and conditions of the Intel Program License 
Subscription Agreement, the Intel Quartus Prime License Agreement,
the Intel FPGA IP License Agreement, or other applicable license
agreement, including, without limitation, that your use is for
the sole purpose of programming logic devices manufactured by
Intel and sold by Intel or its authorized distributors.  Please
refer to the applicable agreement for further details.



+----------------------------------------------------------------------------------+
; Analysis & Synthesis Summary                                                     ;
+------------------------------------+---------------------------------------------+
; Analysis & Synthesis Status        ; Successful - Sat Nov 02 18:34:39 2019       ;
; Quartus Prime Version              ; 18.1.0 Build 625 09/12/2018 SJ Lite Edition ;
; Revision Name                      ; max10_galvano                               ;
; Top-level Entity Name              ; top                                         ;
; Family                             ; MAX 10                                      ;
; Total logic elements               ; 202                                         ;
;     Total combinational functions  ; 189                                         ;
;     Dedicated logic registers      ; 149                                         ;
; Total registers                    ; 149                                         ;
; Total pins                         ; 40                                          ;
; Total virtual pins                 ; 0                                           ;
; Total memory bits                  ; 0                                           ;
; Embedded Multiplier 9-bit elements ; 0                                           ;
; Total PLLs                         ; 0                                           ;
; UFM blocks                         ; 0                                           ;
; ADC blocks                         ; 0                                           ;
+------------------------------------+---------------------------------------------+


+------------------------------------------------------------------------------------------------------------+
; Analysis & Synthesis Settings                                                                              ;
+------------------------------------------------------------------+--------------------+--------------------+
; Option                                                           ; Setting            ; Default Value      ;
+------------------------------------------------------------------+--------------------+--------------------+
; Device                                                           ; 10M02SCU169I7G     ;                    ;
; Top-level entity name                                            ; top                ; max10_galvano      ;
; Family name                                                      ; MAX 10             ; Cyclone V          ;
; Use smart compilation                                            ; Off                ; Off                ;
; Enable parallel Assembler and Timing Analyzer during compilation ; On                 ; On                 ;
; Enable compact report table                                      ; Off                ; Off                ;
; Restructure Multiplexers                                         ; Auto               ; Auto               ;
; Create Debugging Nodes for IP Cores                              ; Off                ; Off                ;
; Preserve fewer node names                                        ; On                 ; On                 ;
; Intel FPGA IP Evaluation Mode                                    ; Enable             ; Enable             ;
; Verilog Version                                                  ; Verilog_2001       ; Verilog_2001       ;
; VHDL Version                                                     ; VHDL_1993          ; VHDL_1993          ;
; State Machine Processing                                         ; Auto               ; Auto               ;
; Safe State Machine                                               ; Off                ; Off                ;
; Extract Verilog State Machines                                   ; On                 ; On                 ;
; Extract VHDL State Machines                                      ; On                 ; On                 ;
; Ignore Verilog initial constructs                                ; Off                ; Off                ;
; Iteration limit for constant Verilog loops                       ; 5000               ; 5000               ;
; Iteration limit for non-constant Verilog loops                   ; 250                ; 250                ;
; Add Pass-Through Logic to Inferred RAMs                          ; On                 ; On                 ;
; Infer RAMs from Raw Logic                                        ; On                 ; On                 ;
; Parallel Synthesis                                               ; On                 ; On                 ;
; DSP Block Balancing                                              ; Auto               ; Auto               ;
; NOT Gate Push-Back                                               ; On                 ; On                 ;
; Power-Up Don't Care                                              ; On                 ; On                 ;
; Remove Redundant Logic Cells                                     ; Off                ; Off                ;
; Remove Duplicate Registers                                       ; On                 ; On                 ;
; Ignore CARRY Buffers                                             ; Off                ; Off                ;
; Ignore CASCADE Buffers                                           ; Off                ; Off                ;
; Ignore GLOBAL Buffers                                            ; Off                ; Off                ;
; Ignore ROW GLOBAL Buffers                                        ; Off                ; Off                ;
; Ignore LCELL Buffers                                             ; Off                ; Off                ;
; Ignore SOFT Buffers                                              ; On                 ; On                 ;
; Limit AHDL Integers to 32 Bits                                   ; Off                ; Off                ;
; Optimization Technique                                           ; Balanced           ; Balanced           ;
; Carry Chain Length                                               ; 70                 ; 70                 ;
; Auto Carry Chains                                                ; On                 ; On                 ;
; Auto Open-Drain Pins                                             ; On                 ; On                 ;
; Perform WYSIWYG Primitive Resynthesis                            ; Off                ; Off                ;
; Auto ROM Replacement                                             ; On                 ; On                 ;
; Auto RAM Replacement                                             ; On                 ; On                 ;
; Auto DSP Block Replacement                                       ; On                 ; On                 ;
; Auto Shift Register Replacement                                  ; Auto               ; Auto               ;
; Allow Shift Register Merging across Hierarchies                  ; Auto               ; Auto               ;
; Auto Clock Enable Replacement                                    ; On                 ; On                 ;
; Strict RAM Replacement                                           ; Off                ; Off                ;
; Allow Synchronous Control Signals                                ; On                 ; On                 ;
; Force Use of Synchronous Clear Signals                           ; Off                ; Off                ;
; Auto RAM Block Balancing                                         ; On                 ; On                 ;
; Auto RAM to Logic Cell Conversion                                ; Off                ; Off                ;
; Auto Resource Sharing                                            ; Off                ; Off                ;
; Allow Any RAM Size For Recognition                               ; Off                ; Off                ;
; Allow Any ROM Size For Recognition                               ; Off                ; Off                ;
; Allow Any Shift Register Size For Recognition                    ; Off                ; Off                ;
; Use LogicLock Constraints during Resource Balancing              ; On                 ; On                 ;
; Ignore translate_off and synthesis_off directives                ; Off                ; Off                ;
; Timing-Driven Synthesis                                          ; On                 ; On                 ;
; Report Parameter Settings                                        ; On                 ; On                 ;
; Report Source Assignments                                        ; On                 ; On                 ;
; Report Connectivity Checks                                       ; On                 ; On                 ;
; Ignore Maximum Fan-Out Assignments                               ; Off                ; Off                ;
; Synchronization Register Chain Length                            ; 2                  ; 2                  ;
; Power Optimization During Synthesis                              ; Normal compilation ; Normal compilation ;
; HDL message level                                                ; Level2             ; Level2             ;
; Suppress Register Optimization Related Messages                  ; Off                ; Off                ;
; Number of Removed Registers Reported in Synthesis Report         ; 5000               ; 5000               ;
; Number of Swept Nodes Reported in Synthesis Report               ; 5000               ; 5000               ;
; Number of Inverted Registers Reported in Synthesis Report        ; 100                ; 100                ;
; Clock MUX Protection                                             ; On                 ; On                 ;
; Auto Gated Clock Conversion                                      ; Off                ; Off                ;
; Block Design Naming                                              ; Auto               ; Auto               ;
; SDC constraint protection                                        ; Off                ; Off                ;
; Synthesis Effort                                                 ; Auto               ; Auto               ;
; Shift Register Replacement - Allow Asynchronous Clear Signal     ; On                 ; On                 ;
; Pre-Mapping Resynthesis Optimization                             ; Off                ; Off                ;
; Analysis & Synthesis Message Level                               ; Medium             ; Medium             ;
; Disable Register Merging Across Hierarchies                      ; Auto               ; Auto               ;
; Resource Aware Inference For Block RAM                           ; On                 ; On                 ;
+------------------------------------------------------------------+--------------------+--------------------+


+------------------------------------------+
; Parallel Compilation                     ;
+----------------------------+-------------+
; Processors                 ; Number      ;
+----------------------------+-------------+
; Number detected on machine ; 4           ;
; Maximum allowed            ; 2           ;
;                            ;             ;
; Average used               ; 1.00        ;
; Maximum used               ; 2           ;
;                            ;             ;
; Usage by Processor         ; % Time Used ;
;     Processor 1            ; 100.0%      ;
;     Processor 2            ;   0.0%      ;
+----------------------------+-------------+


+------------------------------------------------------------------------------------------------------------------------------------------------------------------------------------------------------------------------------------------------+
; Analysis & Synthesis Source Files Read                                                                                                                                                                                                         ;
+-----------------------------------------------------------+-----------------+------------------------+--------------------------------------------------------------------------------------------------------------------------+--------------+
; File Name with User-Entered Path                          ; Used in Netlist ; File Type              ; File Name with Absolute Path                                                                                             ; Library      ;
+-----------------------------------------------------------+-----------------+------------------------+--------------------------------------------------------------------------------------------------------------------------+--------------+
; source/internal_osc/synthesis/internal_osc.v              ; yes             ; User Verilog HDL File  ; C:/Users/Bing/Documents/bzhou/galvano/design/app/max10_galvano/source/internal_osc/synthesis/internal_osc.v              ; internal_osc ;
; source/internal_osc/synthesis/submodules/altera_int_osc.v ; yes             ; User Verilog HDL File  ; C:/Users/Bing/Documents/bzhou/galvano/design/app/max10_galvano/source/internal_osc/synthesis/submodules/altera_int_osc.v ; internal_osc ;
; source/pos_pid.v                                          ; yes             ; User Verilog HDL File  ; C:/Users/Bing/Documents/bzhou/galvano/design/app/max10_galvano/source/pos_pid.v                                          ;              ;
; source/dac7731.v                                          ; yes             ; User Verilog HDL File  ; C:/Users/Bing/Documents/bzhou/galvano/design/app/max10_galvano/source/dac7731.v                                          ;              ;
; source/ads8685.v                                          ; yes             ; User Verilog HDL File  ; C:/Users/Bing/Documents/bzhou/galvano/design/app/max10_galvano/source/ads8685.v                                          ;              ;
; source/top.v                                              ; yes             ; User Verilog HDL File  ; C:/Users/Bing/Documents/bzhou/galvano/design/app/max10_galvano/source/top.v                                              ;              ;
+-----------------------------------------------------------+-----------------+------------------------+--------------------------------------------------------------------------------------------------------------------------+--------------+


+----------------------------------------------------------+
; Analysis & Synthesis Resource Usage Summary              ;
+---------------------------------------------+------------+
; Resource                                    ; Usage      ;
+---------------------------------------------+------------+
; Estimated Total logic elements              ; 202        ;
;                                             ;            ;
; Total combinational functions               ; 189        ;
; Logic element usage by number of LUT inputs ;            ;
;     -- 4 input functions                    ; 54         ;
;     -- 3 input functions                    ; 41         ;
;     -- <=2 input functions                  ; 94         ;
;                                             ;            ;
; Logic elements by mode                      ;            ;
;     -- normal mode                          ; 139        ;
;     -- arithmetic mode                      ; 50         ;
;                                             ;            ;
; Total registers                             ; 149        ;
;     -- Dedicated logic registers            ; 149        ;
;     -- I/O registers                        ; 0          ;
;                                             ;            ;
; I/O pins                                    ; 40         ;
;                                             ;            ;
; Embedded Multiplier 9-bit elements          ; 0          ;
;                                             ;            ;
; Maximum fan-out node                        ; clk_div[1] ;
; Maximum fan-out                             ; 122        ;
; Total fan-out                               ; 1069       ;
; Average fan-out                             ; 2.55       ;
+---------------------------------------------+------------+


+---------------------------------------------------------------------------------------------------------------------------------------------------------------------------------------------------------------------------------------------------------------------------+
; Analysis & Synthesis Resource Utilization by Entity                                                                                                                                                                                                                       ;
+----------------------------------+---------------------+---------------------------+-------------+------------+--------------+---------+-----------+------+--------------+------------+---------------------------------------------------+----------------+--------------+
; Compilation Hierarchy Node       ; Combinational ALUTs ; Dedicated Logic Registers ; Memory Bits ; UFM Blocks ; DSP Elements ; DSP 9x9 ; DSP 18x18 ; Pins ; Virtual Pins ; ADC blocks ; Full Hierarchy Name                               ; Entity Name    ; Library Name ;
+----------------------------------+---------------------+---------------------------+-------------+------------+--------------+---------+-----------+------+--------------+------------+---------------------------------------------------+----------------+--------------+
; |top                             ; 189 (81)            ; 149 (61)                  ; 0           ; 0          ; 0            ; 0       ; 0         ; 40   ; 0            ; 0          ; |top                                              ; top            ; work         ;
;    |ads8686if:yp_adc_u1|         ; 81 (81)             ; 63 (63)                   ; 0           ; 0          ; 0            ; 0       ; 0         ; 0    ; 0            ; 0          ; |top|ads8686if:yp_adc_u1                          ; ads8686if      ; work         ;
;    |dac7731if:ydac_u1|           ; 27 (27)             ; 25 (25)                   ; 0           ; 0          ; 0            ; 0       ; 0         ; 0    ; 0            ; 0          ; |top|dac7731if:ydac_u1                            ; dac7731if      ; work         ;
;    |internal_osc:osc_u1|         ; 0 (0)               ; 0 (0)                     ; 0           ; 0          ; 0            ; 0       ; 0         ; 0    ; 0            ; 0          ; |top|internal_osc:osc_u1                          ; internal_osc   ; internal_osc ;
;       |altera_int_osc:int_osc_0| ; 0 (0)               ; 0 (0)                     ; 0           ; 0          ; 0            ; 0       ; 0         ; 0    ; 0            ; 0          ; |top|internal_osc:osc_u1|altera_int_osc:int_osc_0 ; altera_int_osc ; internal_osc ;
+----------------------------------+---------------------+---------------------------+-------------+------------+--------------+---------+-----------+------+--------------+------------+---------------------------------------------------+----------------+--------------+
Note: For table entries with two numbers listed, the numbers in parentheses indicate the number of resources of the given type used by the specific entity alone. The numbers listed outside of parentheses indicate the total resources of the given type used by the specific entity and all of its sub-entities in the hierarchy.


+-----------------------------------------------------------------------------------------------------------------------+
; Analysis & Synthesis IP Cores Summary                                                                                 ;
+--------+----------------+---------+--------------+--------------+--------------------------+--------------------------+
; Vendor ; IP Core Name   ; Version ; Release Date ; License Type ; Entity Instance          ; IP Include File          ;
+--------+----------------+---------+--------------+--------------+--------------------------+--------------------------+
; N/A    ; altera_int_osc ; 18.1    ; N/A          ; N/A          ; |top|internal_osc:osc_u1 ; source/internal_osc.qsys ;
+--------+----------------+---------+--------------+--------------+--------------------------+--------------------------+


Encoding Type:  One-Hot
+-----------------------------------------------------------------------------------------------------------------------------+
; State Machine - |top|spi_cs_fsm                                                                                             ;
+-----------------+-----------------+-----------------+-----------------+-----------------+-----------------+-----------------+
; Name            ; spi_cs_fsm.0101 ; spi_cs_fsm.0100 ; spi_cs_fsm.0011 ; spi_cs_fsm.0010 ; spi_cs_fsm.0001 ; spi_cs_fsm.0000 ;
+-----------------+-----------------+-----------------+-----------------+-----------------+-----------------+-----------------+
; spi_cs_fsm.0000 ; 0               ; 0               ; 0               ; 0               ; 0               ; 0               ;
; spi_cs_fsm.0001 ; 0               ; 0               ; 0               ; 0               ; 1               ; 1               ;
; spi_cs_fsm.0010 ; 0               ; 0               ; 0               ; 1               ; 0               ; 1               ;
; spi_cs_fsm.0011 ; 0               ; 0               ; 1               ; 0               ; 0               ; 1               ;
; spi_cs_fsm.0100 ; 0               ; 1               ; 0               ; 0               ; 0               ; 1               ;
; spi_cs_fsm.0101 ; 1               ; 0               ; 0               ; 0               ; 0               ; 1               ;
+-----------------+-----------------+-----------------+-----------------+-----------------+-----------------+-----------------+


Encoding Type:  One-Hot
+------------------------------------------------------+
; State Machine - |top|ads8686if:yp_adc_u1|state       ;
+-------------+------------+-------------+-------------+
; Name        ; state.IDLE ; state.WRITE ; state.DELAY ;
+-------------+------------+-------------+-------------+
; state.IDLE  ; 0          ; 0           ; 0           ;
; state.DELAY ; 1          ; 0           ; 1           ;
; state.WRITE ; 1          ; 1           ; 0           ;
+-------------+------------+-------------+-------------+


Encoding Type:  One-Hot
+------------------------------------------------------+
; State Machine - |top|ads8686if:xp_adc_u1|state       ;
+-------------+------------+-------------+-------------+
; Name        ; state.IDLE ; state.WRITE ; state.DELAY ;
+-------------+------------+-------------+-------------+
; state.IDLE  ; 0          ; 0           ; 0           ;
; state.DELAY ; 1          ; 0           ; 1           ;
; state.WRITE ; 1          ; 1           ; 0           ;
+-------------+------------+-------------+-------------+


+--------------------------------------------------------------------------------------------+
; Registers Removed During Synthesis                                                         ;
+----------------------------------------------+---------------------------------------------+
; Register name                                ; Reason for Removal                          ;
+----------------------------------------------+---------------------------------------------+
; pll_locked_dly[0,1]                          ; Stuck at VCC due to stuck port data_in      ;
; ads8686if:yp_adc_u1|cfgdata[1..17,21..26,29] ; Stuck at GND due to stuck port data_in      ;
; ads8686if:yp_adc_u1|cfgdata[30]              ; Merged with ads8686if:yp_adc_u1|cfgdata[31] ;
; ads8686if:yp_adc_u1|reg_cfg_data[0]          ; Stuck at GND due to stuck port data_in      ;
; spi_cs_fsm~10                                ; Lost fanout                                 ;
; spi_cs_fsm~11                                ; Lost fanout                                 ;
; spi_cs_fsm~12                                ; Lost fanout                                 ;
; spi_cs_fsm~13                                ; Lost fanout                                 ;
; ads8686if:yp_adc_u1|state~9                  ; Lost fanout                                 ;
; ads8686if:yp_adc_u1|state~10                 ; Lost fanout                                 ;
; ads8686if:xp_adc_u1|state~9                  ; Lost fanout                                 ;
; ads8686if:xp_adc_u1|state~10                 ; Lost fanout                                 ;
; ads8686if:xp_adc_u1|clk_cnt[0..15]           ; Lost fanout                                 ;
; ads8686if:xp_adc_u1|state.DELAY              ; Lost fanout                                 ;
; ads8686if:xp_adc_u1|state.WRITE              ; Lost fanout                                 ;
; ads8686if:xp_adc_u1|state.IDLE               ; Lost fanout                                 ;
; clk_div[2,3]                                 ; Lost fanout                                 ;
; ads8686if:yp_adc_u1|reg_cfg_cnt[3]           ; Stuck at GND due to stuck port data_in      ;
; Total Number of Removed Registers = 58       ;                                             ;
+----------------------------------------------+---------------------------------------------+


+------------------------------------------------------------------------------------------------------+
; Removed Registers Triggering Further Register Optimizations                                          ;
+---------------------------------+---------------------------+----------------------------------------+
; Register name                   ; Reason for Removal        ; Registers Removed due to This Register ;
+---------------------------------+---------------------------+----------------------------------------+
; pll_locked_dly[0]               ; Stuck at VCC              ; pll_locked_dly[1]                      ;
;                                 ; due to stuck port data_in ;                                        ;
; ads8686if:xp_adc_u1|clk_cnt[15] ; Lost Fanouts              ; ads8686if:xp_adc_u1|state.IDLE         ;
+---------------------------------+---------------------------+----------------------------------------+


+------------------------------------------------------+
; General Register Statistics                          ;
+----------------------------------------------+-------+
; Statistic                                    ; Value ;
+----------------------------------------------+-------+
; Total registers                              ; 149   ;
; Number of registers using Synchronous Clear  ; 21    ;
; Number of registers using Synchronous Load   ; 0     ;
; Number of registers using Asynchronous Clear ; 80    ;
; Number of registers using Asynchronous Load  ; 0     ;
; Number of registers using Clock Enable       ; 95    ;
; Number of registers using Preset             ; 0     ;
+----------------------------------------------+-------+


+--------------------------------------------------+
; Inverted Register Statistics                     ;
+----------------------------------------+---------+
; Inverted Register                      ; Fan out ;
+----------------------------------------+---------+
; decoded_xp_spi_csn                     ; 2       ;
; ads8686if:yp_adc_u1|convst_csn         ; 2       ;
; decoded_xdac_spi_csn                   ; 2       ;
; spi_xdac_ldac                          ; 3       ;
; dac7731if:ydac_u1|reg_csn[0]           ; 2       ;
; dac7731if:ydac_u1|reg_lr               ; 1       ;
; dac7731if:ydac_u1|reg_data[15]         ; 2       ;
; dac7731if:ydac_u1|reg_csn[2]           ; 1       ;
; Total number of inverted registers = 8 ;         ;
+----------------------------------------+---------+


+---------------------------------------------------------------------------------------------------------------------------------------------------------+
; Multiplexer Restructuring Statistics (Restructuring Performed)                                                                                          ;
+--------------------+-----------+---------------+----------------------+------------------------+------------+-------------------------------------------+
; Multiplexer Inputs ; Bus Width ; Baseline Area ; Area if Restructured ; Saving if Restructured ; Registered ; Example Multiplexer Output                ;
+--------------------+-----------+---------------+----------------------+------------------------+------------+-------------------------------------------+
; 3:1                ; 15 bits   ; 30 LEs        ; 15 LEs               ; 15 LEs                 ; Yes        ; |top|dac7731if:ydac_u1|reg_data[5]        ;
; 5:1                ; 24 bits   ; 72 LEs        ; 24 LEs               ; 48 LEs                 ; Yes        ; |top|ads8686if:yp_adc_u1|reg_cfg_data[22] ;
; 5:1                ; 8 bits    ; 24 LEs        ; 8 LEs                ; 16 LEs                 ; Yes        ; |top|ads8686if:yp_adc_u1|reg_cfg_data[29] ;
; 5:1                ; 5 bits    ; 15 LEs        ; 5 LEs                ; 10 LEs                 ; Yes        ; |top|spi_cs_data_cnt[3]                   ;
; 7:1                ; 3 bits    ; 12 LEs        ; 9 LEs                ; 3 LEs                  ; No         ; |top|Selector6                            ;
; 9:1                ; 2 bits    ; 12 LEs        ; 6 LEs                ; 6 LEs                  ; No         ; |top|Selector1                            ;
+--------------------+-----------+---------------+----------------------+------------------------+------------+-------------------------------------------+


+-------------------------------------------------------------------------------------------+
; Parameter Settings for User Entity Instance: internal_osc:osc_u1|altera_int_osc:int_osc_0 ;
+-----------------+--------+----------------------------------------------------------------+
; Parameter Name  ; Value  ; Type                                                           ;
+-----------------+--------+----------------------------------------------------------------+
; DEVICE_FAMILY   ; MAX 10 ; String                                                         ;
; DEVICE_ID       ; 02     ; String                                                         ;
; CLOCK_FREQUENCY ; 55     ; String                                                         ;
+-----------------+--------+----------------------------------------------------------------+
Note: In order to hide this table in the UI and the text report file, please set the "Show Parameter Settings in Synthesis Report" option in "Analysis and Synthesis Settings -> More Settings" to "Off".


+-------------------------------------------------+
; Port Connectivity Checks: "pos_pid:xpos_pid_u1" ;
+------------+-------+----------+-----------------+
; Port       ; Type  ; Severity ; Details         ;
+------------+-------+----------+-----------------+
; kp[13..12] ; Input ; Info     ; Stuck at VCC    ;
; kp[15..14] ; Input ; Info     ; Stuck at GND    ;
; kp[11..10] ; Input ; Info     ; Stuck at GND    ;
; kp[8..0]   ; Input ; Info     ; Stuck at GND    ;
; kp[9]      ; Input ; Info     ; Stuck at VCC    ;
; ki[15..11] ; Input ; Info     ; Stuck at GND    ;
; ki[7..0]   ; Input ; Info     ; Stuck at GND    ;
; ki[10]     ; Input ; Info     ; Stuck at VCC    ;
; ki[9]      ; Input ; Info     ; Stuck at GND    ;
; ki[8]      ; Input ; Info     ; Stuck at VCC    ;
; kd[9..8]   ; Input ; Info     ; Stuck at VCC    ;
; kd[15..10] ; Input ; Info     ; Stuck at GND    ;
; kd[7..0]   ; Input ; Info     ; Stuck at GND    ;
; pos_pre    ; Input ; Info     ; Stuck at GND    ;
+------------+-------+----------+-----------------+


+------------------------------------------------------+
; Port Connectivity Checks: "dac7731if:xdac_u1"        ;
+---------+--------+----------+------------------------+
; Port    ; Type   ; Severity ; Details                ;
+---------+--------+----------+------------------------+
; dac_csn ; Output ; Info     ; Explicitly unconnected ;
; dac_sck ; Output ; Info     ; Explicitly unconnected ;
; dac_sdi ; Output ; Info     ; Explicitly unconnected ;
; dac_lr  ; Output ; Info     ; Explicitly unconnected ;
+---------+--------+----------+------------------------+


+------------------------------------------------------------------------------------------------------------------+
; Port Connectivity Checks: "ads8686if:yp_adc_u1"                                                                  ;
+--------+--------+----------+-------------------------------------------------------------------------------------+
; Port   ; Type   ; Severity ; Details                                                                             ;
+--------+--------+----------+-------------------------------------------------------------------------------------+
; dvalid ; Output ; Info     ; Connected to dangling logic. Logic that only feeds a dangling port will be removed. ;
; dout   ; Output ; Info     ; Connected to dangling logic. Logic that only feeds a dangling port will be removed. ;
+--------+--------+----------+-------------------------------------------------------------------------------------+


+----------------------------------------------------------------------------------------------------------------------+
; Port Connectivity Checks: "ads8686if:xp_adc_u1"                                                                      ;
+------------+--------+----------+-------------------------------------------------------------------------------------+
; Port       ; Type   ; Severity ; Details                                                                             ;
+------------+--------+----------+-------------------------------------------------------------------------------------+
; convst_csn ; Output ; Info     ; Explicitly unconnected                                                              ;
; ads_sclk   ; Output ; Info     ; Explicitly unconnected                                                              ;
; ads_sdi    ; Output ; Info     ; Explicitly unconnected                                                              ;
; ads_sdo0   ; Input  ; Info     ; Explicitly unconnected                                                              ;
; dvalid     ; Output ; Info     ; Connected to dangling logic. Logic that only feeds a dangling port will be removed. ;
+------------+--------+----------+-------------------------------------------------------------------------------------+


+-------------------------------------------------+
; Port Connectivity Checks: "internal_osc:osc_u1" ;
+--------+-------+----------+---------------------+
; Port   ; Type  ; Severity ; Details             ;
+--------+-------+----------+---------------------+
; oscena ; Input ; Info     ; Stuck at VCC        ;
+--------+-------+----------+---------------------+


+-----------------------------------------------------+
; Post-Synthesis Netlist Statistics for Top Partition ;
+------------------------+----------------------------+
; Type                   ; Count                      ;
+------------------------+----------------------------+
; boundary_port          ; 40                         ;
; cycloneiii_ff          ; 149                        ;
;     CLR                ; 32                         ;
;     CLR SCLR           ; 16                         ;
;     ENA                ; 63                         ;
;     ENA CLR            ; 27                         ;
;     ENA CLR SCLR       ; 5                          ;
;     plain              ; 6                          ;
; cycloneiii_lcell_comb  ; 197                        ;
;     arith              ; 50                         ;
;         2 data inputs  ; 50                         ;
;     normal             ; 147                        ;
;         0 data inputs  ; 2                          ;
;         1 data inputs  ; 14                         ;
;         2 data inputs  ; 36                         ;
;         3 data inputs  ; 41                         ;
;         4 data inputs  ; 54                         ;
; fiftyfivenm_oscillator ; 1                          ;
;                        ;                            ;
; Max LUT depth          ; 6.00                       ;
; Average LUT depth      ; 2.59                       ;
+------------------------+----------------------------+


+-------------------------------+
; Elapsed Time Per Partition    ;
+----------------+--------------+
; Partition Name ; Elapsed Time ;
+----------------+--------------+
; Top            ; 00:00:01     ;
+----------------+--------------+


+-------------------------------+
; Analysis & Synthesis Messages ;
+-------------------------------+
Info: *******************************************************************
Info: Running Quartus Prime Analysis & Synthesis
    Info: Version 18.1.0 Build 625 09/12/2018 SJ Lite Edition
    Info: Processing started: Sat Nov 02 18:34:24 2019
Info: Command: quartus_map --read_settings_files=on --write_settings_files=off max10_galvano -c max10_galvano
Warning (125092): Tcl Script File source/pll.qip not found
    Info (125063): set_global_assignment -name QIP_FILE source/pll.qip
Warning (18236): Number of processors has not been specified which may cause overloading on shared machines.  Set the global assignment NUM_PARALLEL_PROCESSORS in your QSF to an appropriate value for best performance.
Info (20030): Parallel compilation is enabled and will use 2 of the 2 processors detected
Info (12021): Found 1 design units, including 1 entities, in source file source/internal_osc/synthesis/internal_osc.v
    Info (12023): Found entity 1: internal_osc File: C:/Users/Bing/Documents/bzhou/galvano/design/app/max10_galvano/source/internal_osc/synthesis/internal_osc.v Line: 6
Info (12021): Found 1 design units, including 1 entities, in source file source/internal_osc/synthesis/submodules/altera_int_osc.v
    Info (12023): Found entity 1: altera_int_osc File: C:/Users/Bing/Documents/bzhou/galvano/design/app/max10_galvano/source/internal_osc/synthesis/submodules/altera_int_osc.v Line: 38
Info (12021): Found 1 design units, including 1 entities, in source file source/pos_pid.v
    Info (12023): Found entity 1: pos_pid File: C:/Users/Bing/Documents/bzhou/galvano/design/app/max10_galvano/source/pos_pid.v Line: 1
Warning (12019): Can't analyze file -- file source/dec256sinc24b.v is missing
Info (12021): Found 1 design units, including 1 entities, in source file source/dac7731.v
    Info (12023): Found entity 1: dac7731if File: C:/Users/Bing/Documents/bzhou/galvano/design/app/max10_galvano/source/dac7731.v Line: 5
Info (12021): Found 1 design units, including 1 entities, in source file source/ads8685.v
    Info (12023): Found entity 1: ads8686if File: C:/Users/Bing/Documents/bzhou/galvano/design/app/max10_galvano/source/ads8685.v Line: 5
Info (12021): Found 1 design units, including 1 entities, in source file source/top.v
    Info (12023): Found entity 1: top File: C:/Users/Bing/Documents/bzhou/galvano/design/app/max10_galvano/source/top.v Line: 3
Warning (10236): Verilog HDL Implicit Net warning at top.v(268): created implicit net for "clk3" File: C:/Users/Bing/Documents/bzhou/galvano/design/app/max10_galvano/source/top.v Line: 268
Info (12127): Elaborating entity "top" for the top level hierarchy
Warning (10036): Verilog HDL or VHDL warning at top.v(69): object "clk_5mhz" assigned a value but never read File: C:/Users/Bing/Documents/bzhou/galvano/design/app/max10_galvano/source/top.v Line: 69
Warning (10230): Verilog HDL assignment warning at top.v(66): truncated value with size 32 to match size of target (4) File: C:/Users/Bing/Documents/bzhou/galvano/design/app/max10_galvano/source/top.v Line: 66
Warning (10230): Verilog HDL assignment warning at top.v(138): truncated value with size 32 to match size of target (5) File: C:/Users/Bing/Documents/bzhou/galvano/design/app/max10_galvano/source/top.v Line: 138
Warning (10230): Verilog HDL assignment warning at top.v(167): truncated value with size 32 to match size of target (5) File: C:/Users/Bing/Documents/bzhou/galvano/design/app/max10_galvano/source/top.v Line: 167
Warning (10034): Output port "xy_status" at top.v(10) has no driver File: C:/Users/Bing/Documents/bzhou/galvano/design/app/max10_galvano/source/top.v Line: 10
Warning (10034): Output port "temp_cs" at top.v(45) has no driver File: C:/Users/Bing/Documents/bzhou/galvano/design/app/max10_galvano/source/top.v Line: 45
Warning (10034): Output port "temp_clk" at top.v(46) has no driver File: C:/Users/Bing/Documents/bzhou/galvano/design/app/max10_galvano/source/top.v Line: 46
Info (12128): Elaborating entity "internal_osc" for hierarchy "internal_osc:osc_u1" File: C:/Users/Bing/Documents/bzhou/galvano/design/app/max10_galvano/source/top.v Line: 62
Info (12128): Elaborating entity "altera_int_osc" for hierarchy "internal_osc:osc_u1|altera_int_osc:int_osc_0" File: C:/Users/Bing/Documents/bzhou/galvano/design/app/max10_galvano/source/internal_osc/synthesis/internal_osc.v Line: 18
Info (12128): Elaborating entity "ads8686if" for hierarchy "ads8686if:xp_adc_u1" File: C:/Users/Bing/Documents/bzhou/galvano/design/app/max10_galvano/source/top.v Line: 212
Warning (10230): Verilog HDL assignment warning at ads8685.v(84): truncated value with size 32 to match size of target (16) File: C:/Users/Bing/Documents/bzhou/galvano/design/app/max10_galvano/source/ads8685.v Line: 84
Warning (10230): Verilog HDL assignment warning at ads8685.v(93): truncated value with size 32 to match size of target (16) File: C:/Users/Bing/Documents/bzhou/galvano/design/app/max10_galvano/source/ads8685.v Line: 93
Warning (10230): Verilog HDL assignment warning at ads8685.v(101): truncated value with size 32 to match size of target (4) File: C:/Users/Bing/Documents/bzhou/galvano/design/app/max10_galvano/source/ads8685.v Line: 101
Info (12128): Elaborating entity "dac7731if" for hierarchy "dac7731if:xdac_u1" File: C:/Users/Bing/Documents/bzhou/galvano/design/app/max10_galvano/source/top.v Line: 246
Warning (10230): Verilog HDL assignment warning at dac7731.v(32): truncated value with size 32 to match size of target (2) File: C:/Users/Bing/Documents/bzhou/galvano/design/app/max10_galvano/source/dac7731.v Line: 32
Warning (10230): Verilog HDL assignment warning at dac7731.v(42): truncated value with size 34 to match size of target (3) File: C:/Users/Bing/Documents/bzhou/galvano/design/app/max10_galvano/source/dac7731.v Line: 42
Warning (10230): Verilog HDL assignment warning at dac7731.v(56): truncated value with size 32 to match size of target (4) File: C:/Users/Bing/Documents/bzhou/galvano/design/app/max10_galvano/source/dac7731.v Line: 56
Warning (10230): Verilog HDL assignment warning at dac7731.v(63): truncated value with size 32 to match size of target (4) File: C:/Users/Bing/Documents/bzhou/galvano/design/app/max10_galvano/source/dac7731.v Line: 63
Info (12128): Elaborating entity "pos_pid" for hierarchy "pos_pid:xpos_pid_u1" File: C:/Users/Bing/Documents/bzhou/galvano/design/app/max10_galvano/source/top.v Line: 275
Warning (10036): Verilog HDL or VHDL warning at pos_pid.v(22): object "delta_e12" assigned a value but never read File: C:/Users/Bing/Documents/bzhou/galvano/design/app/max10_galvano/source/pos_pid.v Line: 22
Info (13000): Registers with preset signals will power-up high File: C:/Users/Bing/Documents/bzhou/galvano/design/app/max10_galvano/source/top.v Line: 121
Info (13003): DEV_CLRn pin will set, and not reset, register with preset signal due to NOT Gate Push-Back
Warning (13024): Output pins are stuck at VCC or GND
    Warning (13410): Pin "xy_status" is stuck at GND File: C:/Users/Bing/Documents/bzhou/galvano/design/app/max10_galvano/source/top.v Line: 10
    Warning (13410): Pin "xpadc_rst" is stuck at VCC File: C:/Users/Bing/Documents/bzhou/galvano/design/app/max10_galvano/source/top.v Line: 14
    Warning (13410): Pin "ypadc_rst" is stuck at VCC File: C:/Users/Bing/Documents/bzhou/galvano/design/app/max10_galvano/source/top.v Line: 21
    Warning (13410): Pin "ypadc_sdo0" is stuck at GND File: C:/Users/Bing/Documents/bzhou/galvano/design/app/max10_galvano/source/top.v Line: 24
    Warning (13410): Pin "ypadc_sdo1" is stuck at GND File: C:/Users/Bing/Documents/bzhou/galvano/design/app/max10_galvano/source/top.v Line: 25
    Warning (13410): Pin "ypadc_rvs" is stuck at GND File: C:/Users/Bing/Documents/bzhou/galvano/design/app/max10_galvano/source/top.v Line: 26
    Warning (13410): Pin "xdac_rstsel" is stuck at VCC File: C:/Users/Bing/Documents/bzhou/galvano/design/app/max10_galvano/source/top.v Line: 32
    Warning (13410): Pin "ydac_rstsel" is stuck at VCC File: C:/Users/Bing/Documents/bzhou/galvano/design/app/max10_galvano/source/top.v Line: 39
    Warning (13410): Pin "temp_cs" is stuck at GND File: C:/Users/Bing/Documents/bzhou/galvano/design/app/max10_galvano/source/top.v Line: 45
    Warning (13410): Pin "temp_clk" is stuck at GND File: C:/Users/Bing/Documents/bzhou/galvano/design/app/max10_galvano/source/top.v Line: 46
Info (286030): Timing-Driven Synthesis is running
Info (17049): 29 registers lost all their fanouts during netlist optimizations.
Info (16010): Generating hard_block partition "hard_block:auto_generated_inst"
    Info (16011): Adding 0 node(s), including 0 DDIO, 0 PLL, 0 transceiver and 0 LCELL
Warning (21074): Design contains 9 input pin(s) that do not drive logic
    Warning (15610): No output dependent on input pin "xy_sync" File: C:/Users/Bing/Documents/bzhou/galvano/design/app/max10_galvano/source/top.v Line: 6
    Warning (15610): No output dependent on input pin "xy_clk" File: C:/Users/Bing/Documents/bzhou/galvano/design/app/max10_galvano/source/top.v Line: 7
    Warning (15610): No output dependent on input pin "xy_x" File: C:/Users/Bing/Documents/bzhou/galvano/design/app/max10_galvano/source/top.v Line: 8
    Warning (15610): No output dependent on input pin "xy_y" File: C:/Users/Bing/Documents/bzhou/galvano/design/app/max10_galvano/source/top.v Line: 9
    Warning (15610): No output dependent on input pin "xpadc_sdo1" File: C:/Users/Bing/Documents/bzhou/galvano/design/app/max10_galvano/source/top.v Line: 18
    Warning (15610): No output dependent on input pin "xpadc_rvs" File: C:/Users/Bing/Documents/bzhou/galvano/design/app/max10_galvano/source/top.v Line: 19
    Warning (15610): No output dependent on input pin "xdac_sdo" File: C:/Users/Bing/Documents/bzhou/galvano/design/app/max10_galvano/source/top.v Line: 35
    Warning (15610): No output dependent on input pin "ydac_sdo" File: C:/Users/Bing/Documents/bzhou/galvano/design/app/max10_galvano/source/top.v Line: 42
    Warning (15610): No output dependent on input pin "temp_data" File: C:/Users/Bing/Documents/bzhou/galvano/design/app/max10_galvano/source/top.v Line: 47
Info (21057): Implemented 244 device resources after synthesis - the final resource count might be different
    Info (21058): Implemented 13 input pins
    Info (21059): Implemented 27 output pins
    Info (21061): Implemented 203 logic cells
Info: Quartus Prime Analysis & Synthesis was successful. 0 errors, 40 warnings
    Info: Peak virtual memory: 600 megabytes
    Info: Processing ended: Sat Nov 02 18:34:39 2019
    Info: Elapsed time: 00:00:15
    Info: Total CPU time (on all processors): 00:00:34


