(---------------------------------------------------------------------)
(                                                                     )
(    Allegro Netrev Import Logic                                      )
(                                                                     )
(    Drawing          : MOTOR_SENSOR.brd                              )
(    Software Version : 16.6P004                                      )
(    Date/Time        : Thu Jun 14 08:11:49 2018                      )
(                                                                     )
(---------------------------------------------------------------------)


------ Directives ------

RIPUP_ETCH FALSE;
RIPUP_DELETE_FIRST_SEGMENT FALSE;
RIPUP_RETAIN_BONDWIRE FALSE;
RIPUP_SYMBOLS ALWAYS;
Missing symbol has error FALSE;
SCHEMATIC_DIRECTORY 'F:/ProductDesign/Galvano/驱动板电路/第四版设计/MOTOR_SENSOR/PCB/netlist';
BOARD_DIRECTORY '';
OLD_BOARD_NAME 'F:/ProductDesign/Galvano/驱动板电路/第四版设计/MOTOR_SENSOR/PCB/MOTOR_SENSOR.brd';
NEW_BOARD_NAME 'F:/ProductDesign/Galvano/驱动板电路/第四版设计/MOTOR_SENSOR/PCB/MOTOR_SENSOR.brd';

CmdLine: netrev -$ -i F:/ProductDesign/Galvano/驱动板电路/第四版设计/MOTOR_SENSOR/PCB/netlist -y 1 F:/ProductDesign/Galvano/驱动板电路/第四版设计/MOTOR_SENSOR/PCB/#Taaaaak09004.tmp

------ Preparing to read pst files ------

Starting to read F:/ProductDesign/Galvano/驱动板电路/第四版设计/MOTOR_SENSOR/PCB/netlist/pstchip.dat 
   Finished reading F:/ProductDesign/Galvano/驱动板电路/第四版设计/MOTOR_SENSOR/PCB/netlist/pstchip.dat (00:00:00.08)
Starting to read F:/ProductDesign/Galvano/驱动板电路/第四版设计/MOTOR_SENSOR/PCB/netlist/pstxprt.dat 
   Finished reading F:/ProductDesign/Galvano/驱动板电路/第四版设计/MOTOR_SENSOR/PCB/netlist/pstxprt.dat (00:00:00.00)
Starting to read F:/ProductDesign/Galvano/驱动板电路/第四版设计/MOTOR_SENSOR/PCB/netlist/pstxnet.dat 
   Finished reading F:/ProductDesign/Galvano/驱动板电路/第四版设计/MOTOR_SENSOR/PCB/netlist/pstxnet.dat (00:00:00.00)

------ Oversights/Warnings/Errors ------


------ Library Paths ------
MODULEPATH =  . 
           C:/Cadence/SPB_16.6/share/local/pcb/modules 
           C:/Cadence/SPB_16.6/share/pcb/pcb_lib/symbols 

PSMPATH =  . 
           symbols 
           .. 
           ../symbols 
           C:/Cadence/SPB_16.6/share/local/pcb/symbols 
           C:/Cadence/SPB_16.6/share/pcb/pcb_lib/symbols 
           C:/Cadence/SPB_16.6/share/pcb/allegrolib/symbols 
           C:/Cadence/SPB_16.6/share/pcb/pcb_lib/symbols 

PADPATH =  . 
           symbols 
           .. 
           ../symbols 
           C:/Cadence/SPB_16.6/share/local/pcb/padstacks 
           C:/Cadence/SPB_16.6/share/pcb/pcb_lib/symbols 
           C:/Cadence/SPB_16.6/share/pcb/allegrolib/symbols 
           C:/Cadence/SPB_16.6/share/pcb/pcb_lib/symbols 


------ Summary Statistics ------


netrev run on Jun 14 8:11:49 2018
   DESIGN NAME : 'MOTOR_SENSOR'
   PACKAGING ON Sep 10 2012 04:46:09

   COMPILE 'logic'
   CHECK_PIN_NAMES OFF
   CROSS_REFERENCE OFF
   FEEDBACK OFF
   INCREMENTAL OFF
   INTERFACE_TYPE PHYSICAL
   MAX_ERRORS 500
   MERGE_MINIMUM 5
   NET_NAME_CHARS '#%&()*+-./:=>?@[]^_`|'
   NET_NAME_LENGTH 24
   OVERSIGHTS ON
   REPLACE_CHECK OFF
   SINGLE_NODE_NETS ON
   SPLIT_MINIMUM 0
   SUPPRESS   20
   WARNINGS ON

 No error detected
 No oversight detected
 No warning detected

cpu time      0:00:58
elapsed time  0:00:01

