Starting process: module

Starting process: 

SCUBA, Version Diamond (64-bit) 3.7.0.96.1
Mon Jan 22 13:19:37 2018

Copyright (c) 1991-1994 by NeoCAD Inc. All rights reserved.
Copyright (c) 1995 AT&T Corp.   All rights reserved.
Copyright (c) 1995-2001 Lucent Technologies Inc.  All rights reserved.
Copyright (c) 2001 Agere Systems   All rights reserved.
Copyright (c) 2002-2016 Lattice Semiconductor Corporation,  All rights reserved.

BEGIN SCUBA Module Synthesis

    Issued command   : C:\lscc\diamond\3.7_x64\ispfpga\bin\nt64\scuba.exe -w -n MultiplierS16 -lang vhdl -synth lse -bus_exp 7 -bb -arch mg5a00 -type dspmult -simple_portname -widtha 16 -widthb 16 -widthp 32 -signed -PL_stages 0 
    Circuit name     : MultiplierS16
    Module type      : dspmult_a
    Module Version   : 4.9
    Ports            : 
	Inputs       : DataA[15:0], DataB[15:0]
	Outputs      : Result[31:0]
    I/O buffer       : not inserted
    EDIF output      : MultiplierS16.edn
    VHDL output      : MultiplierS16.vhd
    VHDL template    : MultiplierS16_tmpl.vhd
    VHDL testbench   : tb_MultiplierS16_tmpl.vhd
    VHDL purpose     : for synthesis and simulation
    Bus notation     : big endian
    Report output    : MultiplierS16.srp
    Estimated Resource Usage:
      DSP_SLICE : 1

END   SCUBA Module Synthesis

File: MultiplierS16.lpc created.


End process: completed successfully.


Total Warnings:  0

Total Errors:  0


