#! /c/iverilog/bin/vvp
:ivl_version "12.0 (devel)" "(s20150603-965-g55e06db6)";
:ivl_delay_selection "TYPICAL";
:vpi_time_precision + 0;
:vpi_module "C:\iverilog\lib\ivl\system.vpi";
:vpi_module "C:\iverilog\lib\ivl\vhdl_sys.vpi";
:vpi_module "C:\iverilog\lib\ivl\vhdl_textio.vpi";
:vpi_module "C:\iverilog\lib\ivl\v2005_math.vpi";
:vpi_module "C:\iverilog\lib\ivl\va_math.vpi";
S_0000000000d096e0 .scope module, "tb" "tb" 2 1;
 .timescale 0 0;
v0000000000da48a0_0 .var "clk", 0 0;
v0000000000da5520_0 .var "pos_adc", 15 0;
v0000000000da4e40_0 .var "pos_adc_data_valid", 0 0;
v0000000000da6740_0 .net "pos_dac", 15 0, v0000000000da3de0_0;  1 drivers
v0000000000da57a0_0 .var "pos_target", 15 0;
v0000000000da5480_0 .var "reset", 0 0;
v0000000000da5340_0 .var "spi_new_target_valid", 0 0;
E_0000000000d444a0 .event posedge, v0000000000da3c00_0;
S_0000000000d09870 .scope module, "pid" "pos_pid" 2 6, 3 1 0, S_0000000000d096e0;
 .timescale 0 0;
    .port_info 0 /INPUT 1 "sys_rstn";
    .port_info 1 /INPUT 1 "clk_pid";
    .port_info 2 /INPUT 16 "kp";
    .port_info 3 /INPUT 16 "ki";
    .port_info 4 /INPUT 16 "kd";
    .port_info 5 /INPUT 16 "dac_limit";
    .port_info 6 /INPUT 24 "pid_i_saturation";
    .port_info 7 /INPUT 1 "spi_new_target_valid";
    .port_info 8 /INPUT 16 "pos_target";
    .port_info 9 /INPUT 1 "pos_adc_data_valid";
    .port_info 10 /INPUT 16 "pos_adc";
    .port_info 11 /OUTPUT 16 "pos_dac";
P_0000000000e2e860 .param/l "STATE0" 1 3 37, +C4<00000000000000000000000000000000>;
P_0000000000e2e898 .param/l "STATE1" 1 3 38, +C4<00000000000000000000000000000001>;
P_0000000000e2e8d0 .param/l "STATE10" 1 3 47, +C4<00000000000000000000000000001010>;
P_0000000000e2e908 .param/l "STATE11" 1 3 48, +C4<00000000000000000000000000001011>;
P_0000000000e2e940 .param/l "STATE12" 1 3 49, +C4<00000000000000000000000000001100>;
P_0000000000e2e978 .param/l "STATE13" 1 3 50, +C4<00000000000000000000000000001100>;
P_0000000000e2e9b0 .param/l "STATE2" 1 3 39, +C4<00000000000000000000000000000010>;
P_0000000000e2e9e8 .param/l "STATE3" 1 3 40, +C4<00000000000000000000000000000011>;
P_0000000000e2ea20 .param/l "STATE4" 1 3 41, +C4<00000000000000000000000000000100>;
P_0000000000e2ea58 .param/l "STATE5" 1 3 42, +C4<00000000000000000000000000000101>;
P_0000000000e2ea90 .param/l "STATE6" 1 3 43, +C4<00000000000000000000000000000110>;
P_0000000000e2eac8 .param/l "STATE7" 1 3 44, +C4<00000000000000000000000000000111>;
P_0000000000e2eb00 .param/l "STATE8" 1 3 45, +C4<00000000000000000000000000001000>;
P_0000000000e2eb38 .param/l "STATE9" 1 3 46, +C4<00000000000000000000000000001001>;
v0000000000cf8ea0_0 .var/s "D", 31 0;
v0000000000cf9080_0 .var/s "I", 31 0;
v0000000000cf91c0_0 .var/s "P", 31 0;
L_00000000035b0088 .functor BUFT 1, C4<01000000000000000>, C4<0>, C4<0>, C4<0>;
v0000000000cf8cc0_0 .net/2u *"_ivl_0", 16 0, L_00000000035b0088;  1 drivers
L_00000000035b00d0 .functor BUFT 1, C4<01000000000000000>, C4<0>, C4<0>, C4<0>;
v0000000000cf8d60_0 .net/2u *"_ivl_10", 16 0, L_00000000035b00d0;  1 drivers
L_00000000035b02c8 .functor BUFT 1, C4<00001001110001000>, C4<0>, C4<0>, C4<0>;
v0000000000cf9260_0 .net *"_ivl_12", 16 0, L_00000000035b02c8;  1 drivers
v0000000000cf8360_0 .net *"_ivl_16", 16 0, L_0000000000da5c00;  1 drivers
L_00000000035b0280 .functor BUFT 1, C4<00001001110001000>, C4<0>, C4<0>, C4<0>;
v0000000000cf84a0_0 .net *"_ivl_2", 16 0, L_00000000035b0280;  1 drivers
v0000000000cf8400_0 .net *"_ivl_6", 16 0, L_0000000000da4d00;  1 drivers
v0000000000cf8720_0 .var/s "b10", 7 0;
v0000000000da2f80_0 .var/s "b11", 7 0;
v0000000000da24e0_0 .var/s "b12", 7 0;
v0000000000da2580_0 .var/s "b20", 7 0;
v0000000000da2620_0 .var/s "b21", 7 0;
v0000000000da2d00_0 .var/s "b22", 7 0;
v0000000000da2260_0 .var/i "bpann_loop", 31 0;
v0000000000da3840_0 .net "clk_pid", 0 0, v0000000000da48a0_0;  1 drivers
L_00000000035b01f0 .functor BUFT 1, C4<0001001110001000>, C4<0>, C4<0>, C4<0>;
v0000000000da2300_0 .net "dac_limit", 15 0, L_00000000035b01f0;  1 drivers
v0000000000da2800_0 .var/s "e10", 7 0;
v0000000000da2bc0_0 .var/s "e11", 7 0;
v0000000000da2b20_0 .var/s "e12", 7 0;
v0000000000da2e40_0 .var/s "e20", 7 0;
v0000000000da3f20_0 .var/s "e21", 7 0;
v0000000000da2440_0 .var/s "e22", 7 0;
v0000000000da28a0_0 .var/s "error", 31 0;
v0000000000da3480_0 .var/s "error_last", 31 0;
v0000000000da26c0_0 .var/s "integrator", 31 0;
L_00000000035b01a8 .functor BUFT 1, C4<1011101110000000>, C4<0>, C4<0>, C4<0>;
v0000000000da3020_0 .net "kd", 15 0, L_00000000035b01a8;  1 drivers
L_00000000035b0160 .functor BUFT 1, C4<0000000000111100>, C4<0>, C4<0>, C4<0>;
v0000000000da2080_0 .net "ki", 15 0, L_00000000035b0160;  1 drivers
L_00000000035b0118 .functor BUFT 1, C4<0000010010110000>, C4<0>, C4<0>, C4<0>;
v0000000000da30c0_0 .net "kp", 15 0, L_00000000035b0118;  1 drivers
v0000000000da35c0_0 .net "limit0", 15 0, L_0000000000da4ee0;  1 drivers
v0000000000da2ee0_0 .net "limit1", 15 0, L_0000000000da4c60;  1 drivers
v0000000000da29e0_0 .var/s "pid", 31 0;
L_00000000035b0238 .functor BUFT 1, C4<000000000001001110001000>, C4<0>, C4<0>, C4<0>;
v0000000000da3520_0 .net "pid_i_saturation", 23 0, L_00000000035b0238;  1 drivers
v0000000000da2940_0 .net "pos_adc", 15 0, v0000000000da5520_0;  1 drivers
v0000000000da3c00_0 .net "pos_adc_data_valid", 0 0, v0000000000da4e40_0;  1 drivers
v0000000000da32a0_0 .var "pos_adc_data_valid_dly", 1 0;
v0000000000da3de0_0 .var "pos_dac", 15 0;
v0000000000da3160_0 .net "pos_target", 15 0, v0000000000da57a0_0;  1 drivers
v0000000000da23a0_0 .net "spi_new_target_valid", 0 0, v0000000000da5340_0;  1 drivers
v0000000000da2760_0 .var "spi_new_target_valid_dly", 1 0;
v0000000000da3e80_0 .var "state", 3 0;
v0000000000da3200_0 .net "sys_rstn", 0 0, v0000000000da5480_0;  1 drivers
v0000000000da3340_0 .var/s "w000", 7 0;
v0000000000da2120_0 .var/s "w001", 7 0;
v0000000000da3d40_0 .var/s "w002", 7 0;
v0000000000da2a80_0 .var/s "w010", 7 0;
v0000000000da2c60_0 .var/s "w011", 7 0;
v0000000000da2da0_0 .var/s "w012", 7 0;
v0000000000da33e0_0 .var/s "w020", 7 0;
v0000000000da3660_0 .var/s "w021", 7 0;
v0000000000da3700_0 .var/s "w022", 7 0;
v0000000000da3b60_0 .var/s "w100", 7 0;
v0000000000da37a0_0 .var/s "w101", 7 0;
v0000000000da3ca0_0 .var/s "w102", 7 0;
v0000000000da38e0_0 .var/s "w110", 7 0;
v0000000000da3980_0 .var/s "w111", 7 0;
v0000000000da3a20_0 .var/s "w112", 7 0;
v0000000000da3ac0_0 .var/s "w120", 7 0;
v0000000000da21c0_0 .var/s "w121", 7 0;
v0000000000da62e0_0 .var/s "w122", 7 0;
v0000000000da5ca0_0 .var/s "x00", 7 0;
v0000000000da6420_0 .var/s "x01", 7 0;
v0000000000da50c0_0 .var/s "x02", 7 0;
v0000000000da4bc0_0 .var/s "x10", 7 0;
v0000000000da6380_0 .var/s "x11", 7 0;
v0000000000da5e80_0 .var/s "x12", 7 0;
v0000000000da5b60_0 .var/s "x20", 7 0;
v0000000000da66a0_0 .var/s "x21", 7 0;
v0000000000da4da0_0 .var/s "x22", 7 0;
E_0000000000d44520/0 .event negedge, v0000000000da3200_0;
E_0000000000d44520/1 .event posedge, v0000000000da3840_0;
E_0000000000d44520 .event/or E_0000000000d44520/0, E_0000000000d44520/1;
L_0000000000da4d00 .arith/sub 17, L_00000000035b0088, L_00000000035b0280;
L_0000000000da4ee0 .part L_0000000000da4d00, 0, 16;
L_0000000000da5c00 .arith/sum 17, L_00000000035b00d0, L_00000000035b02c8;
L_0000000000da4c60 .part L_0000000000da5c00, 0, 16;
S_0000000000e2eb80 .scope task, "task_bpnn_f" "task_bpnn_f" 3 205, 3 205 0, S_0000000000d09870;
 .timescale 0 0;
v0000000000cf89a0_0 .var/s "x", 7 0;
v0000000000cf8a40_0 .var/s "y", 7 0;
TD_tb.pid.task_bpnn_f ;
    %pushi/vec4 64, 0, 32;
    %load/vec4 v0000000000cf89a0_0;
    %pad/s 32;
    %muli 64, 0, 32;
    %pushi/vec4 1, 0, 32;
    %pushi/vec4 0, 0, 32;
    %load/vec4 v0000000000cf89a0_0;
    %pad/s 32;
    %cmp/s;
    %flag_get/vec4 5;
    %pad/u 32;
    %add;
    %cmpi/ne 0, 0, 32;
    %flag_mov 8, 4;
    %jmp/0 T_0.0, 8;
    %load/vec4 v0000000000cf89a0_0;
    %pad/s 32;
    %jmp/1 T_0.1, 8;
T_0.0 ; End of true expr.
    %load/vec4 v0000000000cf89a0_0;
    %pad/s 32;
    %inv;
    %pushi/vec4 1, 0, 32;
    %add;
    %jmp/0 T_0.1, 8;
 ; End of false expr.
    %blend;
T_0.1;
    %div/s;
    %add;
    %pad/s 8;
    %store/vec4 v0000000000cf8a40_0, 0, 8;
    %end;
    .scope S_0000000000d09870;
T_1 ;
    %wait E_0000000000d44520;
    %load/vec4 v0000000000da3200_0;
    %nor/r;
    %flag_set/vec4 8;
    %jmp/0xz  T_1.0, 8;
    %pushi/vec4 0, 0, 4;
    %assign/vec4 v0000000000da3e80_0, 0;
    %pushi/vec4 0, 0, 32;
    %assign/vec4 v0000000000da28a0_0, 0;
    %pushi/vec4 0, 0, 32;
    %assign/vec4 v0000000000da3480_0, 0;
    %pushi/vec4 0, 0, 32;
    %assign/vec4 v0000000000da26c0_0, 0;
    %pushi/vec4 0, 0, 32;
    %assign/vec4 v0000000000da29e0_0, 0;
    %pushi/vec4 32768, 0, 16;
    %assign/vec4 v0000000000da3de0_0, 0;
    %pushi/vec4 0, 0, 32;
    %assign/vec4 v0000000000da2260_0, 0;
    %pushi/vec4 64, 0, 8;
    %assign/vec4 v0000000000da3340_0, 0;
    %pushi/vec4 64, 0, 8;
    %assign/vec4 v0000000000da2120_0, 0;
    %pushi/vec4 64, 0, 8;
    %assign/vec4 v0000000000da3d40_0, 0;
    %pushi/vec4 64, 0, 8;
    %assign/vec4 v0000000000da2a80_0, 0;
    %pushi/vec4 64, 0, 8;
    %assign/vec4 v0000000000da2c60_0, 0;
    %pushi/vec4 64, 0, 8;
    %assign/vec4 v0000000000da2da0_0, 0;
    %pushi/vec4 64, 0, 8;
    %assign/vec4 v0000000000da33e0_0, 0;
    %pushi/vec4 64, 0, 8;
    %assign/vec4 v0000000000da3660_0, 0;
    %pushi/vec4 64, 0, 8;
    %assign/vec4 v0000000000da3700_0, 0;
    %pushi/vec4 64, 0, 8;
    %assign/vec4 v0000000000da3b60_0, 0;
    %pushi/vec4 64, 0, 8;
    %assign/vec4 v0000000000da37a0_0, 0;
    %pushi/vec4 64, 0, 8;
    %assign/vec4 v0000000000da3ca0_0, 0;
    %pushi/vec4 64, 0, 8;
    %assign/vec4 v0000000000da38e0_0, 0;
    %pushi/vec4 64, 0, 8;
    %assign/vec4 v0000000000da3980_0, 0;
    %pushi/vec4 64, 0, 8;
    %assign/vec4 v0000000000da3a20_0, 0;
    %pushi/vec4 64, 0, 8;
    %assign/vec4 v0000000000da3ac0_0, 0;
    %pushi/vec4 64, 0, 8;
    %assign/vec4 v0000000000da21c0_0, 0;
    %pushi/vec4 64, 0, 8;
    %assign/vec4 v0000000000da62e0_0, 0;
    %pushi/vec4 64, 0, 8;
    %assign/vec4 v0000000000cf8720_0, 0;
    %pushi/vec4 64, 0, 8;
    %assign/vec4 v0000000000da2f80_0, 0;
    %pushi/vec4 64, 0, 8;
    %assign/vec4 v0000000000da24e0_0, 0;
    %pushi/vec4 64, 0, 8;
    %assign/vec4 v0000000000da2580_0, 0;
    %pushi/vec4 64, 0, 8;
    %assign/vec4 v0000000000da2620_0, 0;
    %pushi/vec4 64, 0, 8;
    %assign/vec4 v0000000000da2d00_0, 0;
    %jmp T_1.1;
T_1.0 ;
    %load/vec4 v0000000000da3840_0;
    %flag_set/vec4 8;
    %jmp/0xz  T_1.2, 8;
    %load/vec4 v0000000000da2760_0;
    %parti/s 1, 0, 2;
    %load/vec4 v0000000000da23a0_0;
    %concat/vec4; draw_concat_vec4
    %assign/vec4 v0000000000da2760_0, 0;
    %load/vec4 v0000000000da32a0_0;
    %parti/s 1, 0, 2;
    %load/vec4 v0000000000da3c00_0;
    %concat/vec4; draw_concat_vec4
    %assign/vec4 v0000000000da32a0_0, 0;
    %load/vec4 v0000000000da3e80_0;
    %dup/vec4;
    %pushi/vec4 0, 0, 4;
    %cmp/u;
    %jmp/1 T_1.4, 6;
    %dup/vec4;
    %pushi/vec4 1, 0, 4;
    %cmp/u;
    %jmp/1 T_1.5, 6;
    %dup/vec4;
    %pushi/vec4 2, 0, 4;
    %cmp/u;
    %jmp/1 T_1.6, 6;
    %dup/vec4;
    %pushi/vec4 3, 0, 4;
    %cmp/u;
    %jmp/1 T_1.7, 6;
    %dup/vec4;
    %pushi/vec4 4, 0, 4;
    %cmp/u;
    %jmp/1 T_1.8, 6;
    %dup/vec4;
    %pushi/vec4 5, 0, 4;
    %cmp/u;
    %jmp/1 T_1.9, 6;
    %dup/vec4;
    %pushi/vec4 6, 0, 4;
    %cmp/u;
    %jmp/1 T_1.10, 6;
    %dup/vec4;
    %pushi/vec4 7, 0, 4;
    %cmp/u;
    %jmp/1 T_1.11, 6;
    %dup/vec4;
    %pushi/vec4 8, 0, 4;
    %cmp/u;
    %jmp/1 T_1.12, 6;
    %dup/vec4;
    %pushi/vec4 9, 0, 4;
    %cmp/u;
    %jmp/1 T_1.13, 6;
    %dup/vec4;
    %pushi/vec4 10, 0, 4;
    %cmp/u;
    %jmp/1 T_1.14, 6;
    %jmp T_1.15;
T_1.4 ;
    %load/vec4 v0000000000da2760_0;
    %cmpi/e 1, 0, 2;
    %jmp/0xz  T_1.16, 4;
    %pushi/vec4 0, 0, 32;
    %assign/vec4 v0000000000da2260_0, 0;
    %pushi/vec4 1, 0, 4;
    %assign/vec4 v0000000000da3e80_0, 0;
T_1.16 ;
    %jmp T_1.15;
T_1.5 ;
    %load/vec4 v0000000000da32a0_0;
    %cmpi/e 1, 0, 2;
    %jmp/0xz  T_1.18, 4;
    %pushi/vec4 0, 0, 32;
    %assign/vec4 v0000000000da28a0_0, 0;
    %pushi/vec4 0, 0, 32;
    %assign/vec4 v0000000000da3480_0, 0;
    %pushi/vec4 0, 0, 32;
    %assign/vec4 v0000000000da26c0_0, 0;
    %pushi/vec4 2, 0, 4;
    %assign/vec4 v0000000000da3e80_0, 0;
T_1.18 ;
    %jmp T_1.15;
T_1.6 ;
    %load/vec4 v0000000000da32a0_0;
    %cmpi/e 1, 0, 2;
    %jmp/0xz  T_1.20, 4;
    %pushi/vec4 0, 0, 1;
    %load/vec4 v0000000000da3160_0;
    %concat/vec4; draw_concat_vec4
    %pad/s 32;
    %pushi/vec4 0, 0, 1;
    %load/vec4 v0000000000da2940_0;
    %concat/vec4; draw_concat_vec4
    %pad/s 32;
    %sub;
    %assign/vec4 v0000000000da28a0_0, 0;
    %load/vec4 v0000000000da28a0_0;
    %assign/vec4 v0000000000da3480_0, 0;
    %pushi/vec4 3, 0, 4;
    %assign/vec4 v0000000000da3e80_0, 0;
T_1.20 ;
    %jmp T_1.15;
T_1.7 ;
    %pushi/vec4 0, 0, 1;
    %load/vec4 v0000000000da30c0_0;
    %concat/vec4; draw_concat_vec4
    %pad/s 32;
    %load/vec4 v0000000000da28a0_0;
    %mul;
    %ix/load 4, 10, 0;
    %flag_set/imm 4, 0;
    %shiftr/s 4;
    %assign/vec4 v0000000000cf91c0_0, 0;
    %pushi/vec4 0, 0, 1;
    %load/vec4 v0000000000da2080_0;
    %concat/vec4; draw_concat_vec4
    %pad/s 32;
    %load/vec4 v0000000000da26c0_0;
    %mul;
    %ix/load 4, 10, 0;
    %flag_set/imm 4, 0;
    %shiftr/s 4;
    %assign/vec4 v0000000000cf9080_0, 0;
    %pushi/vec4 0, 0, 1;
    %load/vec4 v0000000000da3020_0;
    %concat/vec4; draw_concat_vec4
    %pad/s 32;
    %load/vec4 v0000000000da28a0_0;
    %load/vec4 v0000000000da3480_0;
    %sub;
    %mul;
    %ix/load 4, 10, 0;
    %flag_set/imm 4, 0;
    %shiftr/s 4;
    %assign/vec4 v0000000000cf8ea0_0, 0;
    %load/vec4 v0000000000da26c0_0;
    %load/vec4 v0000000000da28a0_0;
    %add;
    %assign/vec4 v0000000000da26c0_0, 0;
    %pushi/vec4 4, 0, 4;
    %assign/vec4 v0000000000da3e80_0, 0;
    %jmp T_1.15;
T_1.8 ;
    %load/vec4 v0000000000cf91c0_0;
    %load/vec4 v0000000000cf9080_0;
    %add;
    %load/vec4 v0000000000cf8ea0_0;
    %add;
    %assign/vec4 v0000000000da29e0_0, 0;
    %pushi/vec4 0, 0, 1;
    %load/vec4 v0000000000da3520_0;
    %concat/vec4; draw_concat_vec4
    %pad/s 32;
    %load/vec4 v0000000000da26c0_0;
    %inv;
    %pushi/vec4 1, 0, 32;
    %add;
    %cmp/s;
    %flag_mov 8, 5;
    %pushi/vec4 0, 0, 1;
    %load/vec4 v0000000000da3520_0;
    %concat/vec4; draw_concat_vec4
    %pad/s 32;
    %load/vec4 v0000000000da26c0_0;
    %cmp/s;
    %flag_or 5, 8;
    %jmp/0xz  T_1.22, 5;
    %pushi/vec4 0, 0, 1;
    %load/vec4 v0000000000da3520_0;
    %concat/vec4; draw_concat_vec4
    %pad/s 32;
    %assign/vec4 v0000000000da26c0_0, 0;
T_1.22 ;
    %pushi/vec4 5, 0, 4;
    %assign/vec4 v0000000000da3e80_0, 0;
    %jmp T_1.15;
T_1.9 ;
    %load/vec4 v0000000000da2300_0;
    %pad/s 32;
    %load/vec4 v0000000000da29e0_0;
    %cmp/s;
    %jmp/0xz  T_1.24, 5;
    %pushi/vec4 127, 0, 8;
    %assign/vec4 v0000000000da5ca0_0, 0;
    %jmp T_1.25;
T_1.24 ;
    %load/vec4 v0000000000da2300_0;
    %pad/s 32;
    %load/vec4 v0000000000da29e0_0;
    %inv;
    %pushi/vec4 1, 0, 32;
    %add;
    %cmp/s;
    %jmp/0xz  T_1.26, 5;
    %pushi/vec4 129, 0, 8;
    %assign/vec4 v0000000000da5ca0_0, 0;
    %jmp T_1.27;
T_1.26 ;
    %load/vec4 v0000000000da29e0_0;
    %muli 127, 0, 32;
    %load/vec4 v0000000000da2300_0;
    %pad/s 32;
    %div/s;
    %pad/s 8;
    %assign/vec4 v0000000000da5ca0_0, 0;
T_1.27 ;
T_1.25 ;
    %load/vec4 v0000000000da2940_0;
    %ix/load 4, 8, 0;
    %flag_set/imm 4, 0;
    %shiftr 4;
    %pad/u 8;
    %assign/vec4 v0000000000da6420_0, 0;
    %load/vec4 v0000000000da3480_0;
    %load/vec4 v0000000000da28a0_0;
    %sub;
    %ix/load 4, 8, 0;
    %flag_set/imm 4, 0;
    %shiftr/s 4;
    %pad/s 8;
    %assign/vec4 v0000000000da50c0_0, 0;
    %pushi/vec4 6, 0, 4;
    %assign/vec4 v0000000000da3e80_0, 0;
    %jmp T_1.15;
T_1.10 ;
    %load/vec4 v0000000000da2260_0;
    %addi 1, 0, 32;
    %assign/vec4 v0000000000da2260_0, 0;
    %load/vec4 v0000000000da3340_0;
    %load/vec4 v0000000000da5ca0_0;
    %mul;
    %load/vec4 v0000000000da2a80_0;
    %load/vec4 v0000000000da6420_0;
    %mul;
    %add;
    %load/vec4 v0000000000da33e0_0;
    %load/vec4 v0000000000da50c0_0;
    %mul;
    %add;
    %ix/load 4, 7, 0;
    %flag_set/imm 4, 0;
    %shiftr/s 4;
    %load/vec4 v0000000000cf8720_0;
    %add;
    %store/vec4 v0000000000cf89a0_0, 0, 8;
    %fork TD_tb.pid.task_bpnn_f, S_0000000000e2eb80;
    %join;
    %load/vec4 v0000000000cf8a40_0;
    %store/vec4 v0000000000da4bc0_0, 0, 8;
    %load/vec4 v0000000000da2120_0;
    %load/vec4 v0000000000da5ca0_0;
    %mul;
    %load/vec4 v0000000000da2c60_0;
    %load/vec4 v0000000000da6420_0;
    %mul;
    %add;
    %load/vec4 v0000000000da3660_0;
    %load/vec4 v0000000000da50c0_0;
    %mul;
    %add;
    %ix/load 4, 7, 0;
    %flag_set/imm 4, 0;
    %shiftr/s 4;
    %load/vec4 v0000000000da2f80_0;
    %add;
    %store/vec4 v0000000000cf89a0_0, 0, 8;
    %fork TD_tb.pid.task_bpnn_f, S_0000000000e2eb80;
    %join;
    %load/vec4 v0000000000cf8a40_0;
    %store/vec4 v0000000000da6380_0, 0, 8;
    %load/vec4 v0000000000da3d40_0;
    %load/vec4 v0000000000da5ca0_0;
    %mul;
    %load/vec4 v0000000000da2da0_0;
    %load/vec4 v0000000000da6420_0;
    %mul;
    %add;
    %load/vec4 v0000000000da3700_0;
    %load/vec4 v0000000000da50c0_0;
    %mul;
    %add;
    %ix/load 4, 7, 0;
    %flag_set/imm 4, 0;
    %shiftr/s 4;
    %load/vec4 v0000000000da24e0_0;
    %add;
    %store/vec4 v0000000000cf89a0_0, 0, 8;
    %fork TD_tb.pid.task_bpnn_f, S_0000000000e2eb80;
    %join;
    %load/vec4 v0000000000cf8a40_0;
    %store/vec4 v0000000000da5e80_0, 0, 8;
    %pushi/vec4 7, 0, 4;
    %assign/vec4 v0000000000da3e80_0, 0;
    %jmp T_1.15;
T_1.11 ;
    %load/vec4 v0000000000da3b60_0;
    %load/vec4 v0000000000da4bc0_0;
    %mul;
    %load/vec4 v0000000000da38e0_0;
    %load/vec4 v0000000000da6380_0;
    %mul;
    %add;
    %load/vec4 v0000000000da3ac0_0;
    %load/vec4 v0000000000da5e80_0;
    %mul;
    %add;
    %ix/load 4, 7, 0;
    %flag_set/imm 4, 0;
    %shiftr/s 4;
    %load/vec4 v0000000000da2580_0;
    %add;
    %store/vec4 v0000000000cf89a0_0, 0, 8;
    %fork TD_tb.pid.task_bpnn_f, S_0000000000e2eb80;
    %join;
    %load/vec4 v0000000000cf8a40_0;
    %store/vec4 v0000000000da5b60_0, 0, 8;
    %load/vec4 v0000000000da37a0_0;
    %load/vec4 v0000000000da4bc0_0;
    %mul;
    %load/vec4 v0000000000da3980_0;
    %load/vec4 v0000000000da6380_0;
    %mul;
    %add;
    %load/vec4 v0000000000da21c0_0;
    %load/vec4 v0000000000da5e80_0;
    %mul;
    %add;
    %ix/load 4, 7, 0;
    %flag_set/imm 4, 0;
    %shiftr/s 4;
    %load/vec4 v0000000000da2620_0;
    %add;
    %store/vec4 v0000000000cf89a0_0, 0, 8;
    %fork TD_tb.pid.task_bpnn_f, S_0000000000e2eb80;
    %join;
    %load/vec4 v0000000000cf8a40_0;
    %store/vec4 v0000000000da66a0_0, 0, 8;
    %load/vec4 v0000000000da3ca0_0;
    %load/vec4 v0000000000da4bc0_0;
    %mul;
    %load/vec4 v0000000000da3a20_0;
    %load/vec4 v0000000000da6380_0;
    %mul;
    %add;
    %load/vec4 v0000000000da62e0_0;
    %load/vec4 v0000000000da5e80_0;
    %mul;
    %add;
    %ix/load 4, 7, 0;
    %flag_set/imm 4, 0;
    %shiftr/s 4;
    %load/vec4 v0000000000da2d00_0;
    %add;
    %store/vec4 v0000000000cf89a0_0, 0, 8;
    %fork TD_tb.pid.task_bpnn_f, S_0000000000e2eb80;
    %join;
    %load/vec4 v0000000000cf8a40_0;
    %store/vec4 v0000000000da4da0_0, 0, 8;
    %pushi/vec4 8, 0, 4;
    %assign/vec4 v0000000000da3e80_0, 0;
    %jmp T_1.15;
T_1.12 ;
    %pushi/vec4 32768, 0, 32;
    %load/vec4 v0000000000da5b60_0;
    %pad/u 32;
    %load/vec4 v0000000000da2300_0;
    %pad/u 32;
    %mul;
    %ix/load 4, 7, 0;
    %flag_set/imm 4, 0;
    %shiftr 4;
    %add;
    %pad/u 16;
    %assign/vec4 v0000000000da3de0_0, 0;
    %load/vec4 v0000000000da2260_0;
    %cmpi/s 10, 0, 32;
    %flag_or 5, 4; GT is !LE
    %flag_inv 5;
    %jmp/0xz  T_1.28, 5;
    %pushi/vec4 9, 0, 4;
    %assign/vec4 v0000000000da3e80_0, 0;
    %pushi/vec4 32768, 0, 16;
    %assign/vec4 v0000000000da3de0_0, 0;
    %load/vec4 v0000000000da5b60_0;
    %pad/s 32;
    %pushi/vec4 127, 0, 32;
    %load/vec4 v0000000000da5b60_0;
    %pad/s 32;
    %sub;
    %mul;
    %pushi/vec4 64, 0, 32;
    %load/vec4 v0000000000da5b60_0;
    %pad/s 32;
    %sub;
    %mul;
    %ix/load 4, 14, 0;
    %flag_set/imm 4, 0;
    %shiftr/s 4;
    %pad/s 8;
    %assign/vec4 v0000000000da2e40_0, 0;
    %load/vec4 v0000000000da66a0_0;
    %pad/u 32;
    %pushi/vec4 127, 0, 32;
    %load/vec4 v0000000000da66a0_0;
    %pad/u 32;
    %sub;
    %mul;
    %load/vec4 v0000000000da3160_0;
    %pad/u 32;
    %ix/load 4, 8, 0;
    %flag_set/imm 4, 0;
    %shiftr 4;
    %load/vec4 v0000000000da66a0_0;
    %pad/u 32;
    %sub;
    %mul;
    %ix/load 4, 14, 0;
    %flag_set/imm 4, 0;
    %shiftr 4;
    %pad/u 8;
    %assign/vec4 v0000000000da3f20_0, 0;
    %load/vec4 v0000000000da4da0_0;
    %pad/s 32;
    %pushi/vec4 127, 0, 32;
    %load/vec4 v0000000000da4da0_0;
    %pad/s 32;
    %sub;
    %mul;
    %pushi/vec4 0, 0, 32;
    %load/vec4 v0000000000da4da0_0;
    %pad/s 32;
    %sub;
    %mul;
    %ix/load 4, 14, 0;
    %flag_set/imm 4, 0;
    %shiftr/s 4;
    %pad/s 8;
    %assign/vec4 v0000000000da2440_0, 0;
    %jmp T_1.29;
T_1.28 ;
    %pushi/vec4 2, 0, 4;
    %assign/vec4 v0000000000da3e80_0, 0;
T_1.29 ;
    %jmp T_1.15;
T_1.13 ;
    %load/vec4 v0000000000da4bc0_0;
    %pad/s 32;
    %pushi/vec4 127, 0, 32;
    %load/vec4 v0000000000da4bc0_0;
    %pad/s 32;
    %sub;
    %mul;
    %load/vec4 v0000000000da3b60_0;
    %pad/s 32;
    %load/vec4 v0000000000da2e40_0;
    %pad/s 32;
    %mul;
    %load/vec4 v0000000000da37a0_0;
    %pad/s 32;
    %load/vec4 v0000000000da3f20_0;
    %pad/s 32;
    %mul;
    %add;
    %load/vec4 v0000000000da3ca0_0;
    %pad/s 32;
    %load/vec4 v0000000000da2440_0;
    %pad/s 32;
    %mul;
    %add;
    %mul;
    %ix/load 4, 21, 0;
    %flag_set/imm 4, 0;
    %shiftr/s 4;
    %pad/s 8;
    %assign/vec4 v0000000000da2800_0, 0;
    %load/vec4 v0000000000da6380_0;
    %pad/s 32;
    %pushi/vec4 127, 0, 32;
    %load/vec4 v0000000000da6380_0;
    %pad/s 32;
    %sub;
    %mul;
    %load/vec4 v0000000000da38e0_0;
    %pad/s 32;
    %load/vec4 v0000000000da2e40_0;
    %pad/s 32;
    %mul;
    %load/vec4 v0000000000da3980_0;
    %pad/s 32;
    %load/vec4 v0000000000da3f20_0;
    %pad/s 32;
    %mul;
    %add;
    %load/vec4 v0000000000da3a20_0;
    %pad/s 32;
    %load/vec4 v0000000000da2440_0;
    %pad/s 32;
    %mul;
    %add;
    %mul;
    %ix/load 4, 21, 0;
    %flag_set/imm 4, 0;
    %shiftr/s 4;
    %pad/s 8;
    %assign/vec4 v0000000000da2bc0_0, 0;
    %load/vec4 v0000000000da5e80_0;
    %pad/s 32;
    %pushi/vec4 127, 0, 32;
    %load/vec4 v0000000000da5e80_0;
    %pad/s 32;
    %sub;
    %mul;
    %load/vec4 v0000000000da3ac0_0;
    %pad/s 32;
    %load/vec4 v0000000000da2e40_0;
    %pad/s 32;
    %mul;
    %load/vec4 v0000000000da21c0_0;
    %pad/s 32;
    %load/vec4 v0000000000da3f20_0;
    %pad/s 32;
    %mul;
    %add;
    %load/vec4 v0000000000da62e0_0;
    %pad/s 32;
    %load/vec4 v0000000000da2440_0;
    %pad/s 32;
    %mul;
    %add;
    %mul;
    %ix/load 4, 21, 0;
    %flag_set/imm 4, 0;
    %shiftr/s 4;
    %pad/s 8;
    %assign/vec4 v0000000000da2b20_0, 0;
    %pushi/vec4 10, 0, 4;
    %assign/vec4 v0000000000da3e80_0, 0;
    %jmp T_1.15;
T_1.14 ;
    %load/vec4 v0000000000da3340_0;
    %load/vec4 v0000000000da5ca0_0;
    %load/vec4 v0000000000da2800_0;
    %mul;
    %ix/load 4, 7, 0;
    %flag_set/imm 4, 0;
    %shiftr/s 4;
    %add;
    %assign/vec4 v0000000000da3340_0, 0;
    %load/vec4 v0000000000da2120_0;
    %load/vec4 v0000000000da5ca0_0;
    %load/vec4 v0000000000da2bc0_0;
    %mul;
    %ix/load 4, 7, 0;
    %flag_set/imm 4, 0;
    %shiftr/s 4;
    %add;
    %assign/vec4 v0000000000da2120_0, 0;
    %load/vec4 v0000000000da3d40_0;
    %load/vec4 v0000000000da5ca0_0;
    %load/vec4 v0000000000da2b20_0;
    %mul;
    %ix/load 4, 7, 0;
    %flag_set/imm 4, 0;
    %shiftr/s 4;
    %add;
    %assign/vec4 v0000000000da3d40_0, 0;
    %load/vec4 v0000000000da2a80_0;
    %load/vec4 v0000000000da6420_0;
    %load/vec4 v0000000000da2800_0;
    %mul;
    %ix/load 4, 7, 0;
    %flag_set/imm 4, 0;
    %shiftr/s 4;
    %add;
    %assign/vec4 v0000000000da2a80_0, 0;
    %load/vec4 v0000000000da2c60_0;
    %load/vec4 v0000000000da6420_0;
    %load/vec4 v0000000000da2bc0_0;
    %mul;
    %ix/load 4, 7, 0;
    %flag_set/imm 4, 0;
    %shiftr/s 4;
    %add;
    %assign/vec4 v0000000000da2c60_0, 0;
    %load/vec4 v0000000000da2da0_0;
    %load/vec4 v0000000000da6420_0;
    %load/vec4 v0000000000da2b20_0;
    %mul;
    %ix/load 4, 7, 0;
    %flag_set/imm 4, 0;
    %shiftr/s 4;
    %add;
    %assign/vec4 v0000000000da2da0_0, 0;
    %load/vec4 v0000000000da33e0_0;
    %load/vec4 v0000000000da50c0_0;
    %load/vec4 v0000000000da2800_0;
    %mul;
    %ix/load 4, 7, 0;
    %flag_set/imm 4, 0;
    %shiftr/s 4;
    %add;
    %assign/vec4 v0000000000da33e0_0, 0;
    %load/vec4 v0000000000da3660_0;
    %load/vec4 v0000000000da50c0_0;
    %load/vec4 v0000000000da2bc0_0;
    %mul;
    %ix/load 4, 7, 0;
    %flag_set/imm 4, 0;
    %shiftr/s 4;
    %add;
    %assign/vec4 v0000000000da3660_0, 0;
    %load/vec4 v0000000000da3700_0;
    %load/vec4 v0000000000da50c0_0;
    %load/vec4 v0000000000da2b20_0;
    %mul;
    %ix/load 4, 7, 0;
    %flag_set/imm 4, 0;
    %shiftr/s 4;
    %add;
    %assign/vec4 v0000000000da3700_0, 0;
    %load/vec4 v0000000000da3b60_0;
    %load/vec4 v0000000000da4bc0_0;
    %load/vec4 v0000000000da2e40_0;
    %mul;
    %ix/load 4, 7, 0;
    %flag_set/imm 4, 0;
    %shiftr/s 4;
    %add;
    %assign/vec4 v0000000000da3b60_0, 0;
    %load/vec4 v0000000000da37a0_0;
    %load/vec4 v0000000000da4bc0_0;
    %load/vec4 v0000000000da3f20_0;
    %mul;
    %ix/load 4, 7, 0;
    %flag_set/imm 4, 0;
    %shiftr/s 4;
    %add;
    %assign/vec4 v0000000000da37a0_0, 0;
    %load/vec4 v0000000000da3ca0_0;
    %load/vec4 v0000000000da4bc0_0;
    %load/vec4 v0000000000da2440_0;
    %mul;
    %ix/load 4, 7, 0;
    %flag_set/imm 4, 0;
    %shiftr/s 4;
    %add;
    %assign/vec4 v0000000000da3ca0_0, 0;
    %load/vec4 v0000000000da38e0_0;
    %load/vec4 v0000000000da6380_0;
    %load/vec4 v0000000000da2e40_0;
    %mul;
    %ix/load 4, 7, 0;
    %flag_set/imm 4, 0;
    %shiftr/s 4;
    %add;
    %assign/vec4 v0000000000da38e0_0, 0;
    %load/vec4 v0000000000da3980_0;
    %load/vec4 v0000000000da6380_0;
    %load/vec4 v0000000000da3f20_0;
    %mul;
    %ix/load 4, 7, 0;
    %flag_set/imm 4, 0;
    %shiftr/s 4;
    %add;
    %assign/vec4 v0000000000da3980_0, 0;
    %load/vec4 v0000000000da3a20_0;
    %load/vec4 v0000000000da6380_0;
    %load/vec4 v0000000000da2440_0;
    %mul;
    %ix/load 4, 7, 0;
    %flag_set/imm 4, 0;
    %shiftr/s 4;
    %add;
    %assign/vec4 v0000000000da3a20_0, 0;
    %load/vec4 v0000000000da3ac0_0;
    %load/vec4 v0000000000da5e80_0;
    %load/vec4 v0000000000da2e40_0;
    %mul;
    %ix/load 4, 7, 0;
    %flag_set/imm 4, 0;
    %shiftr/s 4;
    %add;
    %assign/vec4 v0000000000da3ac0_0, 0;
    %load/vec4 v0000000000da21c0_0;
    %load/vec4 v0000000000da5e80_0;
    %load/vec4 v0000000000da2440_0;
    %mul;
    %ix/load 4, 7, 0;
    %flag_set/imm 4, 0;
    %shiftr/s 4;
    %add;
    %assign/vec4 v0000000000da21c0_0, 0;
    %load/vec4 v0000000000da62e0_0;
    %load/vec4 v0000000000da5e80_0;
    %load/vec4 v0000000000da2440_0;
    %mul;
    %ix/load 4, 7, 0;
    %flag_set/imm 4, 0;
    %shiftr/s 4;
    %add;
    %assign/vec4 v0000000000da62e0_0, 0;
    %load/vec4 v0000000000cf8720_0;
    %load/vec4 v0000000000da2800_0;
    %add;
    %assign/vec4 v0000000000cf8720_0, 0;
    %load/vec4 v0000000000da2f80_0;
    %load/vec4 v0000000000da2bc0_0;
    %add;
    %assign/vec4 v0000000000da2f80_0, 0;
    %load/vec4 v0000000000da24e0_0;
    %load/vec4 v0000000000da2b20_0;
    %add;
    %assign/vec4 v0000000000da24e0_0, 0;
    %load/vec4 v0000000000da2580_0;
    %load/vec4 v0000000000da2e40_0;
    %add;
    %assign/vec4 v0000000000da2580_0, 0;
    %load/vec4 v0000000000da2620_0;
    %load/vec4 v0000000000da3f20_0;
    %add;
    %assign/vec4 v0000000000da2620_0, 0;
    %load/vec4 v0000000000da2d00_0;
    %load/vec4 v0000000000da2440_0;
    %add;
    %assign/vec4 v0000000000da2d00_0, 0;
    %pushi/vec4 0, 0, 4;
    %assign/vec4 v0000000000da3e80_0, 0;
    %jmp T_1.15;
T_1.15 ;
    %pop/vec4 1;
T_1.2 ;
T_1.1 ;
    %jmp T_1;
    .thread T_1;
    .scope S_0000000000d096e0;
T_2 ;
    %delay 5, 0;
    %load/vec4 v0000000000da48a0_0;
    %inv;
    %store/vec4 v0000000000da48a0_0, 0, 1;
    %jmp T_2;
    .thread T_2;
    .scope S_0000000000d096e0;
T_3 ;
    %delay 40, 0;
    %load/vec4 v0000000000da4e40_0;
    %inv;
    %store/vec4 v0000000000da4e40_0, 0, 1;
    %jmp T_3;
    .thread T_3;
    .scope S_0000000000d096e0;
T_4 ;
    %delay 2000, 0;
    %load/vec4 v0000000000da5340_0;
    %inv;
    %store/vec4 v0000000000da5340_0, 0, 1;
    %jmp T_4;
    .thread T_4;
    .scope S_0000000000d096e0;
T_5 ;
    %wait E_0000000000d444a0;
    %load/vec4 v0000000000da5520_0;
    %addi 30, 0, 16;
    %store/vec4 v0000000000da5520_0, 0, 16;
    %jmp T_5;
    .thread T_5;
    .scope S_0000000000d096e0;
T_6 ;
    %pushi/vec4 0, 0, 1;
    %store/vec4 v0000000000da48a0_0, 0, 1;
    %pushi/vec4 0, 0, 1;
    %store/vec4 v0000000000da5480_0, 0, 1;
    %pushi/vec4 0, 0, 16;
    %store/vec4 v0000000000da5520_0, 0, 16;
    %pushi/vec4 0, 0, 1;
    %store/vec4 v0000000000da4e40_0, 0, 1;
    %pushi/vec4 0, 0, 1;
    %store/vec4 v0000000000da5340_0, 0, 1;
    %pushi/vec4 1000, 0, 16;
    %store/vec4 v0000000000da57a0_0, 0, 16;
    %vpi_call 2 39 "$dumpfile", "pid.vcd" {0 0 0};
    %vpi_call 2 40 "$dumpvars" {0 0 0};
    %delay 100, 0;
    %pushi/vec4 1, 0, 1;
    %store/vec4 v0000000000da5480_0, 0, 1;
    %delay 50000, 0;
    %vpi_call 2 43 "$finish" {0 0 0};
    %end;
    .thread T_6;
# The file index is used to find the file name in the following table.
:file_names 4;
    "N/A";
    "<interactive>";
    "pos_pid_tb.v";
    "pos_pid.v";
