(---------------------------------------------------------------------)
(                                                                     )
(    Allegro Netrev Import Logic                                      )
(                                                                     )
(    Drawing          : galvo_ctrl_brd.brd                            )
(    Software Version : 16.6P004                                      )
(    Date/Time        : Sat May 13 14:38:26 2017                      )
(                                                                     )
(---------------------------------------------------------------------)


------ Directives ------

RIPUP_ETCH FALSE;
RIPUP_DELETE_FIRST_SEGMENT FALSE;
RIPUP_RETAIN_BONDWIRE FALSE;
RIPUP_SYMBOLS ALWAYS;
Missing symbol has error FALSE;
SCHEMATIC_DIRECTORY 'F:/产品设计/振镜/驱动板电路/第三版设计/SCH_0510/allegro';
BOARD_DIRECTORY '';
OLD_BOARD_NAME 'F:/产品设计/振镜/驱动板电路/第三版设计/SCH_0510/galvo_ctrl_brd.brd';
NEW_BOARD_NAME 'F:/产品设计/振镜/驱动板电路/第三版设计/SCH_0510/galvo_ctrl_brd.brd';

CmdLine: netrev -$ -i F:/产品设计/振镜/驱动板电路/第三版设计/SCH_0510/allegro -y 1 F:/产品设计/振镜/驱动板电路/第三版设计/SCH_0510/#Taaaaax20400.tmp

------ Preparing to read pst files ------

Starting to read F:/产品设计/振镜/驱动板电路/第三版设计/SCH_0510/allegro/pstchip.dat 
   Finished reading F:/产品设计/振镜/驱动板电路/第三版设计/SCH_0510/allegro/pstchip.dat (00:00:00.04)
Starting to read F:/产品设计/振镜/驱动板电路/第三版设计/SCH_0510/allegro/pstxprt.dat 
   Finished reading F:/产品设计/振镜/驱动板电路/第三版设计/SCH_0510/allegro/pstxprt.dat (00:00:00.00)
Starting to read F:/产品设计/振镜/驱动板电路/第三版设计/SCH_0510/allegro/pstxnet.dat 
   Finished reading F:/产品设计/振镜/驱动板电路/第三版设计/SCH_0510/allegro/pstxnet.dat (00:00:00.00)

------ Oversights/Warnings/Errors ------


#1   ERROR(SPMHNI-191): Device/Symbol check error detected.

ERROR(SPMHNI-195): Symbol 'SIP4' for device 'CON6_SIP4_CON6' is missing pin '5'.

ERROR(SPMHNI-195): Symbol 'SIP4' for device 'CON6_SIP4_CON6' is missing pin '6'.

#1   WARNING(SPMHNI-192): Device/Symbol check warning detected. [help]

WARNING(SPMHNI-194): Symbol 'VQFN20' for device 'TPS7A4700_VQFN20_TPS7A4700' not found in PSMPATH or must be "dbdoctor"ed.

#2   WARNING(SPMHNI-192): Device/Symbol check warning detected. [help]

WARNING(SPMHNI-194): Symbol 'VQFN20' for device 'TPS4A33_VQFN20_TPS7A33' not found in PSMPATH or must be "dbdoctor"ed.

#3   WARNING(SPMHNI-192): Device/Symbol check warning detected. [help]

WARNING(SPMHNI-194): Symbol 'WQFN20' for device 'TPS7A88_WQFN20_TPS7A88' not found in PSMPATH or must be "dbdoctor"ed.

------ Library Paths ------
MODULEPATH =  . 
           C:/Cadence/SPB_16.6/share/local/pcb/modules 
           C:/Cadence/SPB_16.6/share/pcb/pcb_lib/symbols 

PSMPATH =  . 
           symbols 
           .. 
           ../symbols 
           C:/Cadence/SPB_16.6/share/local/pcb/symbols 
           C:/Cadence/SPB_16.6/share/pcb/pcb_lib/symbols 
           C:/Cadence/SPB_16.6/share/pcb/allegrolib/symbols 
           C:/Cadence/SPB_16.6/share/pcb/pcb_lib/symbols 

PADPATH =  . 
           symbols 
           .. 
           ../symbols 
           C:/Cadence/SPB_16.6/share/local/pcb/padstacks 
           C:/Cadence/SPB_16.6/share/pcb/pcb_lib/symbols 
           C:/Cadence/SPB_16.6/share/pcb/allegrolib/symbols 
           C:/Cadence/SPB_16.6/share/pcb/pcb_lib/symbols 


------ Summary Statistics ------


#2   Run stopped because errors were detected

netrev run on May 13 14:38:26 2017
   DESIGN NAME : 'GALVO_CTRL_BRD'
   PACKAGING ON Sep 10 2012 04:46:09

   COMPILE 'logic'
   CHECK_PIN_NAMES OFF
   CROSS_REFERENCE OFF
   FEEDBACK OFF
   INCREMENTAL OFF
   INTERFACE_TYPE PHYSICAL
   MAX_ERRORS 500
   MERGE_MINIMUM 5
   NET_NAME_CHARS '#%&()*+-./:=>?@[]^_`|'
   NET_NAME_LENGTH 24
   OVERSIGHTS ON
   REPLACE_CHECK OFF
   SINGLE_NODE_NETS ON
   SPLIT_MINIMUM 0
   SUPPRESS   20
   WARNINGS ON

  2 errors detected
 No oversight detected
  3 warnings detected

cpu time      0:00:29
elapsed time  0:00:00

