(---------------------------------------------------------------------)
(                                                                     )
(    NC DRILL Log                                                     )
(                                                                     )
(    Drawing          : #Taaaaaa06076.tmp                             )
(    Software Version : 16.5P002                                      )
(    Date/Time        : Mon Aug 05 09:55:22 2019                      )
(                                                                     )
(---------------------------------------------------------------------)



 Processing NC Parameters file ...

 NC PARAMETERS
 -------------

 FORMAT   		2.3
 MACHINE-OFFSET		x:0.000000	y:0.000000
 FEEDRATE		1
 COORDINATES		ABSOLUTE
 OUTPUT-UNITS		ENGLISH
 TOOL-ORDER		INCREASING
 REPEAT-CODES		YES
 SUPPRESS-LEAD-ZEROES	NO
 SUPPRESS-TRAIL-ZEROES	NO
 SUPPRESS-EQUAL		NO
 TOOL-SELECT		NO
 HEADER			none
 LEADER			12
 CODE			ASCII
 SEPARATE		NO
 OPTIMIZE_DRILLING	NO
 ENHANCED_EXCELLON	NO
 SCALE			1.000000

 WARNING: Design precision is greater than that of the drill output file data.
          Data rounding errors are very possible.


 Drill files being output to directory 'C:/Users/Bing/Documents/bzhou/galvano/design/DigDrv.v3/galvo_ctrl_board' ...



     'galvo_ctrl_brd-1-6.drl' created for holes connecting TOP and BOTTOM
     --------------------------------------------------------------------

           Num     Size      +/- Tolerance     Plating   Quantity

            1.   8.0000    0.0000/  0.0000      PLATED         97
            2.  10.0000    0.0000/  0.0000      PLATED        112
            3.  13.0000    0.0000/  0.0000      PLATED        123
            4.  20.0000    0.0000/  0.0000      PLATED         10
            5.  35.0000    0.0000/  0.0000      PLATED         76
            6.  80.0000    0.0000/  0.0000      PLATED          4

     ---- Total holes:                                        422

     ---- Total head travel:              12.32 feet (3.75 meters)

