(---------------------------------------------------------------------)
(                                                                     )
(    Allegro Netrev Import Logic                                      )
(                                                                     )
(    Drawing          : galvo_ctrl_brd.brd                            )
(    Software Version : 16.5P002                                      )
(    Date/Time        : Thu Aug 01 22:56:13 2019                      )
(                                                                     )
(---------------------------------------------------------------------)


------ Directives ------

RIPUP_ETCH FALSE;
RIPUP_DELETE_FIRST_SEGMENT FALSE;
RIPUP_RETAIN_BONDWIRE FALSE;
RIPUP_SYMBOLS ALWAYS;
Missing symbol has error FALSE;
SCHEMATIC_DIRECTORY 'C:\USERS\BING\DOCUMENTS\BZHOU\GALVANO\DESIGN\DIGDRV.V3\GALVO_CTRL_BOARD';
BOARD_DIRECTORY 'C:/Users/Bing/Documents/bzhou/galvano/design/DigDrv.v3/galvo_ctrl_board';
OLD_BOARD_NAME 'C:/Users/Bing/Documents/bzhou/galvano/design/DigDrv.v3/galvo_ctrl_board/galvo_ctrl_brd.brd';
NEW_BOARD_NAME 'C:/Users/Bing/Documents/bzhou/galvano/design/DigDrv.v3/galvo_ctrl_board/galvo_ctrl_brd.brd';

CmdLine: netrev.exe -5 -y 1 -i C:\USERS\BING\DOCUMENTS\BZHOU\GALVANO\DESIGN\DIGDRV.V3\GALVO_CTRL_BOARD C:\Users\Bing\Documents\bzhou\galvano\design\DigDrv.v3\galvo_ctrl_board\galvo_ctrl_brd.brd C:\Users\Bing\Documents\bzhou\galvano\design\DigDrv.v3\galvo_ctrl_board\galvo_ctrl_brd.brd

------ Preparing to read pst files ------

Starting to read C:/USERS/BING/DOCUMENTS/BZHOU/GALVANO/DESIGN/DIGDRV.V3/GALVO_CTRL_BOARD/pstchip.dat 
   Finished reading C:/USERS/BING/DOCUMENTS/BZHOU/GALVANO/DESIGN/DIGDRV.V3/GALVO_CTRL_BOARD/pstchip.dat (00:00:00.04)
Starting to read C:/USERS/BING/DOCUMENTS/BZHOU/GALVANO/DESIGN/DIGDRV.V3/GALVO_CTRL_BOARD/pstxprt.dat 
   Finished reading C:/USERS/BING/DOCUMENTS/BZHOU/GALVANO/DESIGN/DIGDRV.V3/GALVO_CTRL_BOARD/pstxprt.dat (00:00:00.00)
Starting to read C:/USERS/BING/DOCUMENTS/BZHOU/GALVANO/DESIGN/DIGDRV.V3/GALVO_CTRL_BOARD/pstxnet.dat 
   Finished reading C:/USERS/BING/DOCUMENTS/BZHOU/GALVANO/DESIGN/DIGDRV.V3/GALVO_CTRL_BOARD/pstxnet.dat (00:00:00.00)

------ Oversights/Warnings/Errors ------


------ Library Paths ------
MODULEPATH =  . 
           C:/Cadence/SPB_16.5/share/local/pcb/modules 

PSMPATH =  . 
           symbols 
           .. 
           ../symbols 
           C:/Cadence/SPB_16.5/share/local/pcb/symbols 
           C:/Cadence/SPB_16.5/share/pcb/pcb_lib/symbols 
           C:/Cadence/SPB_16.5/share/pcb/allegrolib/symbols 

PADPATH =  . 
           symbols 
           .. 
           ../symbols 
           C:/Cadence/SPB_16.5/share/local/pcb/padstacks 
           C:/Cadence/SPB_16.5/share/pcb/pcb_lib/symbols 
           C:/Cadence/SPB_16.5/share/pcb/allegrolib/symbols 


------ Summary Statistics ------


netrev run on Aug 1 22:56:13 2019
   DESIGN NAME : 'GALVO_CTRL_BRD'
   PACKAGING ON Apr 21 2011 10:02:30

   COMPILE 'logic'
   CHECK_PIN_NAMES OFF
   CROSS_REFERENCE OFF
   FEEDBACK OFF
   INCREMENTAL OFF
   INTERFACE_TYPE PHYSICAL
   MAX_ERRORS 500
   MERGE_MINIMUM 5
   NET_NAME_CHARS '#%&()*+-./:=>?@[]^_`|'
   NET_NAME_LENGTH 24
   OVERSIGHTS ON
   REPLACE_CHECK OFF
   SINGLE_NODE_NETS ON
   SPLIT_MINIMUM 0
   SUPPRESS   20
   WARNINGS ON

 No error detected
 No oversight detected
 No warning detected

cpu time      0:00:30
elapsed time  0:00:00

