(---------------------------------------------------------------------)
(                                                                     )
(    ARTWORK LOG                                                      )
(                                                                     )
(    Drawing          : galvo_ctrl_brd.brd                            )
(    Software Version : 16.5P002                                      )
(    Date/Time        : Mon Aug 26 09:38:47 2019                      )
(                                                                     )
(---------------------------------------------------------------------)


 ---- Photoplot outline rectangle not found ... using drawing extents



Results from parameter file ...
    DEVICE-TYPE           GERBER_RS274X
    OUTPUT-UNITS          INCHES
    FILM-SIZE             2400000 1600000
    FORMAT                2.5
    ABORT-ON-ERROR        NO
    SCALE                 1
    SUPPRESS-LEAD-ZEROES  YES
    SUPPRESS-TRAIL-ZEROES NO
    SUPPRESS-EQUAL        YES
    UNDEF-APT-CONT        NO


================================================================
     PROCESSING FILM < SolderMaskBottom >
     TO FILE < C:/Users/Bing/Documents/bzhou/galvano/design/DigDrv.v3/galvo_ctrl_board/SolderMaskBottom.art > ...
================================================================

  FILM PARAMETERS :
  ---------------------------------------------------------
  Undefined line width                6.00
  Mirror code                         NONE
  Rotate angle                        NONE
  Offset x:                           0.00
  Offset y:                           0.00
  Plot negative                       NO
  Suppress unconnected internal pads  NO



  APERTURES USED:
  ---------------------------------------------------------
  TYPE       SIZE/NAME                   ROT   MIRROR MODE 
  ---------------------------------------------------------
  CIRCLE     0.00600                                  DARK 
  CIRCLE     0.07000                                  DARK 
  CIRCLE     0.13000                                  DARK 
  SQUARE     0.07000                     0.000 NO     DARK 
  RECTANGLE  0.04500     x 0.03500       0.000 NO     DARK 
  RECTANGLE  0.04500     x 0.03500      90.000 NO     DARK 
  RECTANGLE  0.05500     x 0.01500      90.000 NO     DARK 
  RECTANGLE  0.06500     x 0.05500       0.000 NO     DARK 
  RECTANGLE  0.06500     x 0.05500      90.000 NO     DARK 
  RECTANGLE  0.06900     x 0.01800      90.000 NO     DARK 
  RECTANGLE  0.08000     x 0.02900       0.000 NO     DARK 
  RECTANGLE  0.08000     x 0.03000      90.000 NO     DARK 

     SolderMaskBottom created.


------------------------------------------------------
 SUMMARY:
        SolderMaskBottom created.

 ARTWORK finished
