Sat Jul 27 02:14:13 2019				Page     1


 
Update Symbols/Modules Logfile
	Sat Jul 27 02:14:13 2019

------ Module Refresh Messages ------

SUMMARY:    Updated 0 out of 0 modules

------ End Module Messages     ------



(---------------------------------------------------------------------)
(                                                                     )
(    Refresh Symbol                                                   )
(                                                                     )
(    Drawing          : galvo_ctrl_brd.brd                            )
(    Software Version : 16.5P002                                      )
(    Date/Time        : Sat Jul 27 02:14:13 2019                      )
(                                                                     )
(---------------------------------------------------------------------)


Sat Jul 27 02:14:13 2019				Page     1


------ Symbol Refresh Directives ------

Input design = 'C:/Users/Bing/Documents/bzhou/galvano/design/DigDrv.v3/galvo_ctrl_board/galvo_ctrl_brd.brd'
Output design = ''
Update mechanical symbols = 'NO'
Update format symbols = 'NO'
Update package symbols = 'NO'
Update shape/flash symbols = 'NO'
Update symbol padstacks = 'NO'
Reset symbol text and size locations = 'NO'
Reset Pin Escapes (fanouts) = 'NO'
Ripup Etch = 'NO'
Reset custom drill data = 'NO'
Symbol list file = 'C:/Users/Bing/AppData/Local/Temp/#Taaaaac02420.tmp'


------ Library Paths ------
PSMPATH =  . 
           symbols 
           .. 
           ../symbols 
           C:/Cadence/SPB_16.5/share/local/pcb/symbols 
           C:/Cadence/SPB_16.5/share/pcb/pcb_lib/symbols 
           C:/Cadence/SPB_16.5/share/pcb/allegrolib/symbols 

PADPATH =  . 
           symbols 
           .. 
           ../symbols 
           C:/Cadence/SPB_16.5/share/local/pcb/padstacks 
           C:/Cadence/SPB_16.5/share/pcb/pcb_lib/symbols 
           C:/Cadence/SPB_16.5/share/pcb/allegrolib/symbols 


------ Symbol Refresh Messages ------

'SSOP24'  symbol refreshed successfully.


----- Symbol Update Summary ----

Completed refreshing all symbols successfully.
